[33m7bf7616[m[33m ([m[1;36mHEAD[m[33m -> [m[1;32mmain[m[33m, [m[1;31morigin/main[m[33m)[m Primer commit
dashboard/.app.pydocker.swp
dashboard/Dockerfile
dashboard/app.py
dashboard/data/historial_red.db
dashboard/deps/81d243bd2c585b0f4821__mypyc.cpython-39-aarch64-linux-gnu.so
dashboard/deps/bin/flask
dashboard/deps/bin/normalizer
dashboard/deps/blinker-1.9.0.dist-info/INSTALLER
dashboard/deps/blinker-1.9.0.dist-info/LICENSE.txt
dashboard/deps/blinker-1.9.0.dist-info/METADATA
dashboard/deps/blinker-1.9.0.dist-info/RECORD
dashboard/deps/blinker-1.9.0.dist-info/WHEEL
dashboard/deps/blinker/__init__.py
dashboard/deps/blinker/__pycache__/__init__.cpython-39.pyc
dashboard/deps/blinker/__pycache__/_utilities.cpython-39.pyc
dashboard/deps/blinker/__pycache__/base.cpython-39.pyc
dashboard/deps/blinker/_utilities.py
dashboard/deps/blinker/base.py
dashboard/deps/blinker/py.typed
dashboard/deps/certifi-2026.2.25.dist-info/INSTALLER
dashboard/deps/certifi-2026.2.25.dist-info/METADATA
dashboard/deps/certifi-2026.2.25.dist-info/RECORD
dashboard/deps/certifi-2026.2.25.dist-info/WHEEL
dashboard/deps/certifi-2026.2.25.dist-info/licenses/LICENSE
dashboard/deps/certifi-2026.2.25.dist-info/top_level.txt
dashboard/deps/certifi/__init__.py
dashboard/deps/certifi/__main__.py
dashboard/deps/certifi/__pycache__/__init__.cpython-39.pyc
dashboard/deps/certifi/__pycache__/__main__.cpython-39.pyc
dashboard/deps/certifi/__pycache__/core.cpython-39.pyc
dashboard/deps/certifi/cacert.pem
dashboard/deps/certifi/core.py
dashboard/deps/certifi/py.typed
dashboard/deps/charset_normalizer-3.4.5.dist-info/INSTALLER
dashboard/deps/charset_normalizer-3.4.5.dist-info/METADATA
dashboard/deps/charset_normalizer-3.4.5.dist-info/RECORD
dashboard/deps/charset_normalizer-3.4.5.dist-info/WHEEL
dashboard/deps/charset_normalizer-3.4.5.dist-info/entry_points.txt
dashboard/deps/charset_normalizer-3.4.5.dist-info/licenses/LICENSE
dashboard/deps/charset_normalizer-3.4.5.dist-info/top_level.txt
dashboard/deps/charset_normalizer/__init__.py
dashboard/deps/charset_normalizer/__main__.py
dashboard/deps/charset_normalizer/__pycache__/__init__.cpython-39.pyc
dashboard/deps/charset_normalizer/__pycache__/__main__.cpython-39.pyc
dashboard/deps/charset_normalizer/__pycache__/api.cpython-39.pyc
dashboard/deps/charset_normalizer/__pycache__/cd.cpython-39.pyc
dashboard/deps/charset_normalizer/__pycache__/constant.cpython-39.pyc
dashboard/deps/charset_normalizer/__pycache__/legacy.cpython-39.pyc
dashboard/deps/charset_normalizer/__pycache__/md.cpython-39.pyc
dashboard/deps/charset_normalizer/__pycache__/models.cpython-39.pyc
dashboard/deps/charset_normalizer/__pycache__/utils.cpython-39.pyc
dashboard/deps/charset_normalizer/__pycache__/version.cpython-39.pyc
dashboard/deps/charset_normalizer/api.py
dashboard/deps/charset_normalizer/cd.cpython-39-aarch64-linux-gnu.so
dashboard/deps/charset_normalizer/cd.py
dashboard/deps/charset_normalizer/cli/__init__.py
dashboard/deps/charset_normalizer/cli/__main__.py
dashboard/deps/charset_normalizer/cli/__pycache__/__init__.cpython-39.pyc
dashboard/deps/charset_normalizer/cli/__pycache__/__main__.cpython-39.pyc
dashboard/deps/charset_normalizer/constant.py
dashboard/deps/charset_normalizer/legacy.py
dashboard/deps/charset_normalizer/md.cpython-39-aarch64-linux-gnu.so
dashboard/deps/charset_normalizer/md.py
dashboard/deps/charset_normalizer/models.py
dashboard/deps/charset_normalizer/py.typed
dashboard/deps/charset_normalizer/utils.py
dashboard/deps/charset_normalizer/version.py
dashboard/deps/click-8.1.8.dist-info/INSTALLER
dashboard/deps/click-8.1.8.dist-info/LICENSE.txt
dashboard/deps/click-8.1.8.dist-info/METADATA
dashboard/deps/click-8.1.8.dist-info/RECORD
dashboard/deps/click-8.1.8.dist-info/WHEEL
dashboard/deps/click/__init__.py
dashboard/deps/click/__pycache__/__init__.cpython-39.pyc
dashboard/deps/click/__pycache__/_compat.cpython-39.pyc
dashboard/deps/click/__pycache__/_termui_impl.cpython-39.pyc
dashboard/deps/click/__pycache__/_textwrap.cpython-39.pyc
dashboard/deps/click/__pycache__/_winconsole.cpython-39.pyc
dashboard/deps/click/__pycache__/core.cpython-39.pyc
dashboard/deps/click/__pycache__/decorators.cpython-39.pyc
dashboard/deps/click/__pycache__/exceptions.cpython-39.pyc
dashboard/deps/click/__pycache__/formatting.cpython-39.pyc
dashboard/deps/click/__pycache__/globals.cpython-39.pyc
dashboard/deps/click/__pycache__/parser.cpython-39.pyc
dashboard/deps/click/__pycache__/shell_completion.cpython-39.pyc
dashboard/deps/click/__pycache__/termui.cpython-39.pyc
dashboard/deps/click/__pycache__/testing.cpython-39.pyc
dashboard/deps/click/__pycache__/types.cpython-39.pyc
dashboard/deps/click/__pycache__/utils.cpython-39.pyc
dashboard/deps/click/_compat.py
dashboard/deps/click/_termui_impl.py
dashboard/deps/click/_textwrap.py
dashboard/deps/click/_winconsole.py
dashboard/deps/click/core.py
dashboard/deps/click/decorators.py
dashboard/deps/click/exceptions.py
dashboard/deps/click/formatting.py
dashboard/deps/click/globals.py
dashboard/deps/click/parser.py
dashboard/deps/click/py.typed
dashboard/deps/click/shell_completion.py
dashboard/deps/click/termui.py
dashboard/deps/click/testing.py
dashboard/deps/click/types.py
dashboard/deps/click/utils.py
dashboard/deps/flask-3.1.3.dist-info/INSTALLER
dashboard/deps/flask-3.1.3.dist-info/METADATA
dashboard/deps/flask-3.1.3.dist-info/RECORD
dashboard/deps/flask-3.1.3.dist-info/REQUESTED
dashboard/deps/flask-3.1.3.dist-info/WHEEL
dashboard/deps/flask-3.1.3.dist-info/entry_points.txt
dashboard/deps/flask-3.1.3.dist-info/licenses/LICENSE.txt
dashboard/deps/flask/__init__.py
dashboard/deps/flask/__main__.py
dashboard/deps/flask/__pycache__/__init__.cpython-39.pyc
dashboard/deps/flask/__pycache__/__main__.cpython-39.pyc
dashboard/deps/flask/__pycache__/app.cpython-39.pyc
dashboard/deps/flask/__pycache__/blueprints.cpython-39.pyc
dashboard/deps/flask/__pycache__/cli.cpython-39.pyc
dashboard/deps/flask/__pycache__/config.cpython-39.pyc
dashboard/deps/flask/__pycache__/ctx.cpython-39.pyc
dashboard/deps/flask/__pycache__/debughelpers.cpython-39.pyc
dashboard/deps/flask/__pycache__/globals.cpython-39.pyc
dashboard/deps/flask/__pycache__/helpers.cpython-39.pyc
dashboard/deps/flask/__pycache__/logging.cpython-39.pyc
dashboard/deps/flask/__pycache__/sessions.cpython-39.pyc
dashboard/deps/flask/__pycache__/signals.cpython-39.pyc
dashboard/deps/flask/__pycache__/templating.cpython-39.pyc
dashboard/deps/flask/__pycache__/testing.cpython-39.pyc
dashboard/deps/flask/__pycache__/typing.cpython-39.pyc
dashboard/deps/flask/__pycache__/views.cpython-39.pyc
dashboard/deps/flask/__pycache__/wrappers.cpython-39.pyc
dashboard/deps/flask/app.py
dashboard/deps/flask/blueprints.py
dashboard/deps/flask/cli.py
dashboard/deps/flask/config.py
dashboard/deps/flask/ctx.py
dashboard/deps/flask/debughelpers.py
dashboard/deps/flask/globals.py
dashboard/deps/flask/helpers.py
dashboard/deps/flask/json/__init__.py
dashboard/deps/flask/json/__pycache__/__init__.cpython-39.pyc
dashboard/deps/flask/json/__pycache__/provider.cpython-39.pyc
dashboard/deps/flask/json/__pycache__/tag.cpython-39.pyc
dashboard/deps/flask/json/provider.py
dashboard/deps/flask/json/tag.py
dashboard/deps/flask/logging.py
dashboard/deps/flask/py.typed
dashboard/deps/flask/sansio/README.md
dashboard/deps/flask/sansio/__pycache__/app.cpython-39.pyc
dashboard/deps/flask/sansio/__pycache__/blueprints.cpython-39.pyc
dashboard/deps/flask/sansio/__pycache__/scaffold.cpython-39.pyc
dashboard/deps/flask/sansio/app.py
dashboard/deps/flask/sansio/blueprints.py
dashboard/deps/flask/sansio/scaffold.py
dashboard/deps/flask/sessions.py
dashboard/deps/flask/signals.py
dashboard/deps/flask/templating.py
dashboard/deps/flask/testing.py
dashboard/deps/flask/typing.py
dashboard/deps/flask/views.py
dashboard/deps/flask/wrappers.py
dashboard/deps/idna-3.11.dist-info/INSTALLER
dashboard/deps/idna-3.11.dist-info/METADATA
dashboard/deps/idna-3.11.dist-info/RECORD
dashboard/deps/idna-3.11.dist-info/WHEEL
dashboard/deps/idna-3.11.dist-info/licenses/LICENSE.md
dashboard/deps/idna/__init__.py
dashboard/deps/idna/__pycache__/__init__.cpython-39.pyc
dashboard/deps/idna/__pycache__/codec.cpython-39.pyc
dashboard/deps/idna/__pycache__/compat.cpython-39.pyc
dashboard/deps/idna/__pycache__/core.cpython-39.pyc
dashboard/deps/idna/__pycache__/idnadata.cpython-39.pyc
dashboard/deps/idna/__pycache__/intranges.cpython-39.pyc
dashboard/deps/idna/__pycache__/package_data.cpython-39.pyc
dashboard/deps/idna/__pycache__/uts46data.cpython-39.pyc
dashboard/deps/idna/codec.py
dashboard/deps/idna/compat.py
dashboard/deps/idna/core.py
dashboard/deps/idna/idnadata.py
dashboard/deps/idna/intranges.py
dashboard/deps/idna/package_data.py
dashboard/deps/idna/py.typed
dashboard/deps/idna/uts46data.py
dashboard/deps/importlib_metadata-8.7.1.dist-info/INSTALLER
dashboard/deps/importlib_metadata-8.7.1.dist-info/METADATA
dashboard/deps/importlib_metadata-8.7.1.dist-info/RECORD
dashboard/deps/importlib_metadata-8.7.1.dist-info/WHEEL
dashboard/deps/importlib_metadata-8.7.1.dist-info/licenses/LICENSE
dashboard/deps/importlib_metadata-8.7.1.dist-info/top_level.txt
dashboard/deps/importlib_metadata/__init__.py
dashboard/deps/importlib_metadata/__pycache__/__init__.cpython-39.pyc
dashboard/deps/importlib_metadata/__pycache__/_adapters.cpython-39.pyc
dashboard/deps/importlib_metadata/__pycache__/_collections.cpython-39.pyc
dashboard/deps/importlib_metadata/__pycache__/_compat.cpython-39.pyc
dashboard/deps/importlib_metadata/__pycache__/_functools.cpython-39.pyc
dashboard/deps/importlib_metadata/__pycache__/_itertools.cpython-39.pyc
dashboard/deps/importlib_metadata/__pycache__/_meta.cpython-39.pyc
dashboard/deps/importlib_metadata/__pycache__/_text.cpython-39.pyc
dashboard/deps/importlib_metadata/__pycache__/_typing.cpython-39.pyc
dashboard/deps/importlib_metadata/__pycache__/diagnose.cpython-39.pyc
dashboard/deps/importlib_metadata/_adapters.py
dashboard/deps/importlib_metadata/_collections.py
dashboard/deps/importlib_metadata/_compat.py
dashboard/deps/importlib_metadata/_functools.py
dashboard/deps/importlib_metadata/_itertools.py
dashboard/deps/importlib_metadata/_meta.py
dashboard/deps/importlib_metadata/_text.py
dashboard/deps/importlib_metadata/_typing.py
dashboard/deps/importlib_metadata/compat/__init__.py
dashboard/deps/importlib_metadata/compat/__pycache__/__init__.cpython-39.pyc
dashboard/deps/importlib_metadata/compat/__pycache__/py311.cpython-39.pyc
dashboard/deps/importlib_metadata/compat/__pycache__/py39.cpython-39.pyc
dashboard/deps/importlib_metadata/compat/py311.py
dashboard/deps/importlib_metadata/compat/py39.py
dashboard/deps/importlib_metadata/diagnose.py
dashboard/deps/importlib_metadata/py.typed
dashboard/deps/itsdangerous-2.2.0.dist-info/INSTALLER
dashboard/deps/itsdangerous-2.2.0.dist-info/LICENSE.txt
dashboard/deps/itsdangerous-2.2.0.dist-info/METADATA
dashboard/deps/itsdangerous-2.2.0.dist-info/RECORD
dashboard/deps/itsdangerous-2.2.0.dist-info/WHEEL
dashboard/deps/itsdangerous/__init__.py
dashboard/deps/itsdangerous/__pycache__/__init__.cpython-39.pyc
dashboard/deps/itsdangerous/__pycache__/_json.cpython-39.pyc
dashboard/deps/itsdangerous/__pycache__/encoding.cpython-39.pyc
dashboard/deps/itsdangerous/__pycache__/exc.cpython-39.pyc
dashboard/deps/itsdangerous/__pycache__/serializer.cpython-39.pyc
dashboard/deps/itsdangerous/__pycache__/signer.cpython-39.pyc
dashboard/deps/itsdangerous/__pycache__/timed.cpython-39.pyc
dashboard/deps/itsdangerous/__pycache__/url_safe.cpython-39.pyc
dashboard/deps/itsdangerous/_json.py
dashboard/deps/itsdangerous/encoding.py
dashboard/deps/itsdangerous/exc.py
dashboard/deps/itsdangerous/py.typed
dashboard/deps/itsdangerous/serializer.py
dashboard/deps/itsdangerous/signer.py
dashboard/deps/itsdangerous/timed.py
dashboard/deps/itsdangerous/url_safe.py
dashboard/deps/jinja2-3.1.6.dist-info/INSTALLER
dashboard/deps/jinja2-3.1.6.dist-info/METADATA
dashboard/deps/jinja2-3.1.6.dist-info/RECORD
dashboard/deps/jinja2-3.1.6.dist-info/WHEEL
dashboard/deps/jinja2-3.1.6.dist-info/entry_points.txt
dashboard/deps/jinja2-3.1.6.dist-info/licenses/LICENSE.txt
dashboard/deps/jinja2/__init__.py
dashboard/deps/jinja2/__pycache__/__init__.cpython-39.pyc
dashboard/deps/jinja2/__pycache__/_identifier.cpython-39.pyc
dashboard/deps/jinja2/__pycache__/async_utils.cpython-39.pyc
dashboard/deps/jinja2/__pycache__/bccache.cpython-39.pyc
dashboard/deps/jinja2/__pycache__/compiler.cpython-39.pyc
dashboard/deps/jinja2/__pycache__/constants.cpython-39.pyc
dashboard/deps/jinja2/__pycache__/debug.cpython-39.pyc
dashboard/deps/jinja2/__pycache__/defaults.cpython-39.pyc
dashboard/deps/jinja2/__pycache__/environment.cpython-39.pyc
dashboard/deps/jinja2/__pycache__/exceptions.cpython-39.pyc
dashboard/deps/jinja2/__pycache__/ext.cpython-39.pyc
dashboard/deps/jinja2/__pycache__/filters.cpython-39.pyc
dashboard/deps/jinja2/__pycache__/idtracking.cpython-39.pyc
dashboard/deps/jinja2/__pycache__/lexer.cpython-39.pyc
dashboard/deps/jinja2/__pycache__/loaders.cpython-39.pyc
dashboard/deps/jinja2/__pycache__/meta.cpython-39.pyc
dashboard/deps/jinja2/__pycache__/nativetypes.cpython-39.pyc
dashboard/deps/jinja2/__pycache__/nodes.cpython-39.pyc
dashboard/deps/jinja2/__pycache__/optimizer.cpython-39.pyc
dashboard/deps/jinja2/__pycache__/parser.cpython-39.pyc
dashboard/deps/jinja2/__pycache__/runtime.cpython-39.pyc
dashboard/deps/jinja2/__pycache__/sandbox.cpython-39.pyc
dashboard/deps/jinja2/__pycache__/tests.cpython-39.pyc
dashboard/deps/jinja2/__pycache__/utils.cpython-39.pyc
dashboard/deps/jinja2/__pycache__/visitor.cpython-39.pyc
dashboard/deps/jinja2/_identifier.py
dashboard/deps/jinja2/async_utils.py
dashboard/deps/jinja2/bccache.py
dashboard/deps/jinja2/compiler.py
dashboard/deps/jinja2/constants.py
dashboard/deps/jinja2/debug.py
dashboard/deps/jinja2/defaults.py
dashboard/deps/jinja2/environment.py
dashboard/deps/jinja2/exceptions.py
dashboard/deps/jinja2/ext.py
dashboard/deps/jinja2/filters.py
dashboard/deps/jinja2/idtracking.py
dashboard/deps/jinja2/lexer.py
dashboard/deps/jinja2/loaders.py
dashboard/deps/jinja2/meta.py
dashboard/deps/jinja2/nativetypes.py
dashboard/deps/jinja2/nodes.py
dashboard/deps/jinja2/optimizer.py
dashboard/deps/jinja2/parser.py
dashboard/deps/jinja2/py.typed
dashboard/deps/jinja2/runtime.py
dashboard/deps/jinja2/sandbox.py
dashboard/deps/jinja2/tests.py
dashboard/deps/jinja2/utils.py
dashboard/deps/jinja2/visitor.py
dashboard/deps/markupsafe-3.0.3.dist-info/INSTALLER
dashboard/deps/markupsafe-3.0.3.dist-info/METADATA
dashboard/deps/markupsafe-3.0.3.dist-info/RECORD
dashboard/deps/markupsafe-3.0.3.dist-info/WHEEL
dashboard/deps/markupsafe-3.0.3.dist-info/licenses/LICENSE.txt
dashboard/deps/markupsafe-3.0.3.dist-info/top_level.txt
dashboard/deps/markupsafe/__init__.py
dashboard/deps/markupsafe/__pycache__/__init__.cpython-39.pyc
dashboard/deps/markupsafe/__pycache__/_native.cpython-39.pyc
dashboard/deps/markupsafe/_native.py
dashboard/deps/markupsafe/_speedups.c
dashboard/deps/markupsafe/_speedups.cpython-39-aarch64-linux-gnu.so
dashboard/deps/markupsafe/_speedups.pyi
dashboard/deps/markupsafe/py.typed
dashboard/deps/pytz-2026.1.post1.dist-info/INSTALLER
dashboard/deps/pytz-2026.1.post1.dist-info/LICENSE.txt
dashboard/deps/pytz-2026.1.post1.dist-info/METADATA
dashboard/deps/pytz-2026.1.post1.dist-info/RECORD
dashboard/deps/pytz-2026.1.post1.dist-info/REQUESTED
dashboard/deps/pytz-2026.1.post1.dist-info/WHEEL
dashboard/deps/pytz-2026.1.post1.dist-info/top_level.txt
dashboard/deps/pytz-2026.1.post1.dist-info/zip-safe
dashboard/deps/pytz/__init__.py
dashboard/deps/pytz/__pycache__/__init__.cpython-39.pyc
dashboard/deps/pytz/__pycache__/exceptions.cpython-39.pyc
dashboard/deps/pytz/__pycache__/lazy.cpython-39.pyc
dashboard/deps/pytz/__pycache__/reference.cpython-39.pyc
dashboard/deps/pytz/__pycache__/tzfile.cpython-39.pyc
dashboard/deps/pytz/__pycache__/tzinfo.cpython-39.pyc
dashboard/deps/pytz/exceptions.py
dashboard/deps/pytz/lazy.py
dashboard/deps/pytz/reference.py
dashboard/deps/pytz/tzfile.py
dashboard/deps/pytz/tzinfo.py
dashboard/deps/pytz/zoneinfo/Africa/Abidjan
dashboard/deps/pytz/zoneinfo/Africa/Accra
dashboard/deps/pytz/zoneinfo/Africa/Addis_Ababa
dashboard/deps/pytz/zoneinfo/Africa/Algiers
dashboard/deps/pytz/zoneinfo/Africa/Asmara
dashboard/deps/pytz/zoneinfo/Africa/Asmera
dashboard/deps/pytz/zoneinfo/Africa/Bamako
dashboard/deps/pytz/zoneinfo/Africa/Bangui
dashboard/deps/pytz/zoneinfo/Africa/Banjul
dashboard/deps/pytz/zoneinfo/Africa/Bissau
dashboard/deps/pytz/zoneinfo/Africa/Blantyre
dashboard/deps/pytz/zoneinfo/Africa/Brazzaville
dashboard/deps/pytz/zoneinfo/Africa/Bujumbura
dashboard/deps/pytz/zoneinfo/Africa/Cairo
dashboard/deps/pytz/zoneinfo/Africa/Casablanca
dashboard/deps/pytz/zoneinfo/Africa/Ceuta
dashboard/deps/pytz/zoneinfo/Africa/Conakry
dashboard/deps/pytz/zoneinfo/Africa/Dakar
dashboard/deps/pytz/zoneinfo/Africa/Dar_es_Salaam
dashboard/deps/pytz/zoneinfo/Africa/Djibouti
dashboard/deps/pytz/zoneinfo/Africa/Douala
dashboard/deps/pytz/zoneinfo/Africa/El_Aaiun
dashboard/deps/pytz/zoneinfo/Africa/Freetown
dashboard/deps/pytz/zoneinfo/Africa/Gaborone
dashboard/deps/pytz/zoneinfo/Africa/Harare
dashboard/deps/pytz/zoneinfo/Africa/Johannesburg
dashboard/deps/pytz/zoneinfo/Africa/Juba
dashboard/deps/pytz/zoneinfo/Africa/Kampala
dashboard/deps/pytz/zoneinfo/Africa/Khartoum
dashboard/deps/pytz/zoneinfo/Africa/Kigali
dashboard/deps/pytz/zoneinfo/Africa/Kinshasa
dashboard/deps/pytz/zoneinfo/Africa/Lagos
dashboard/deps/pytz/zoneinfo/Africa/Libreville
dashboard/deps/pytz/zoneinfo/Africa/Lome
dashboard/deps/pytz/zoneinfo/Africa/Luanda
dashboard/deps/pytz/zoneinfo/Africa/Lubumbashi
dashboard/deps/pytz/zoneinfo/Africa/Lusaka
dashboard/deps/pytz/zoneinfo/Africa/Malabo
dashboard/deps/pytz/zoneinfo/Africa/Maputo
dashboard/deps/pytz/zoneinfo/Africa/Maseru
dashboard/deps/pytz/zoneinfo/Africa/Mbabane
dashboard/deps/pytz/zoneinfo/Africa/Mogadishu
dashboard/deps/pytz/zoneinfo/Africa/Monrovia
dashboard/deps/pytz/zoneinfo/Africa/Nairobi
dashboard/deps/pytz/zoneinfo/Africa/Ndjamena
dashboard/deps/pytz/zoneinfo/Africa/Niamey
dashboard/deps/pytz/zoneinfo/Africa/Nouakchott
dashboard/deps/pytz/zoneinfo/Africa/Ouagadougou
dashboard/deps/pytz/zoneinfo/Africa/Porto-Novo
dashboard/deps/pytz/zoneinfo/Africa/Sao_Tome
dashboard/deps/pytz/zoneinfo/Africa/Timbuktu
dashboard/deps/pytz/zoneinfo/Africa/Tripoli
dashboard/deps/pytz/zoneinfo/Africa/Tunis
dashboard/deps/pytz/zoneinfo/Africa/Windhoek
dashboard/deps/pytz/zoneinfo/America/Adak
dashboard/deps/pytz/zoneinfo/America/Anchorage
dashboard/deps/pytz/zoneinfo/America/Anguilla
dashboard/deps/pytz/zoneinfo/America/Antigua
dashboard/deps/pytz/zoneinfo/America/Araguaina
dashboard/deps/pytz/zoneinfo/America/Argentina/Buenos_Aires
dashboard/deps/pytz/zoneinfo/America/Argentina/Catamarca
dashboard/deps/pytz/zoneinfo/America/Argentina/ComodRivadavia
dashboard/deps/pytz/zoneinfo/America/Argentina/Cordoba
dashboard/deps/pytz/zoneinfo/America/Argentina/Jujuy
dashboard/deps/pytz/zoneinfo/America/Argentina/La_Rioja
dashboard/deps/pytz/zoneinfo/America/Argentina/Mendoza
dashboard/deps/pytz/zoneinfo/America/Argentina/Rio_Gallegos
dashboard/deps/pytz/zoneinfo/America/Argentina/Salta
dashboard/deps/pytz/zoneinfo/America/Argentina/San_Juan
dashboard/deps/pytz/zoneinfo/America/Argentina/San_Luis
dashboard/deps/pytz/zoneinfo/America/Argentina/Tucuman
dashboard/deps/pytz/zoneinfo/America/Argentina/Ushuaia
dashboard/deps/pytz/zoneinfo/America/Aruba
dashboard/deps/pytz/zoneinfo/America/Asuncion
dashboard/deps/pytz/zoneinfo/America/Atikokan
dashboard/deps/pytz/zoneinfo/America/Atka
dashboard/deps/pytz/zoneinfo/America/Bahia
dashboard/deps/pytz/zoneinfo/America/Bahia_Banderas
dashboard/deps/pytz/zoneinfo/America/Barbados
dashboard/deps/pytz/zoneinfo/America/Belem
dashboard/deps/pytz/zoneinfo/America/Belize
dashboard/deps/pytz/zoneinfo/America/Blanc-Sablon
dashboard/deps/pytz/zoneinfo/America/Boa_Vista
dashboard/deps/pytz/zoneinfo/America/Bogota
dashboard/deps/pytz/zoneinfo/America/Boise
dashboard/deps/pytz/zoneinfo/America/Buenos_Aires
dashboard/deps/pytz/zoneinfo/America/Cambridge_Bay
dashboard/deps/pytz/zoneinfo/America/Campo_Grande
dashboard/deps/pytz/zoneinfo/America/Cancun
dashboard/deps/pytz/zoneinfo/America/Caracas
dashboard/deps/pytz/zoneinfo/America/Catamarca
dashboard/deps/pytz/zoneinfo/America/Cayenne
dashboard/deps/pytz/zoneinfo/America/Cayman
dashboard/deps/pytz/zoneinfo/America/Chicago
dashboard/deps/pytz/zoneinfo/America/Chihuahua
dashboard/deps/pytz/zoneinfo/America/Ciudad_Juarez
dashboard/deps/pytz/zoneinfo/America/Coral_Harbour
dashboard/deps/pytz/zoneinfo/America/Cordoba
dashboard/deps/pytz/zoneinfo/America/Costa_Rica
dashboard/deps/pytz/zoneinfo/America/Coyhaique
dashboard/deps/pytz/zoneinfo/America/Creston
dashboard/deps/pytz/zoneinfo/America/Cuiaba
dashboard/deps/pytz/zoneinfo/America/Curacao
dashboard/deps/pytz/zoneinfo/America/Danmarkshavn
dashboard/deps/pytz/zoneinfo/America/Dawson
dashboard/deps/pytz/zoneinfo/America/Dawson_Creek
dashboard/deps/pytz/zoneinfo/America/Denver
dashboard/deps/pytz/zoneinfo/America/Detroit
dashboard/deps/pytz/zoneinfo/America/Dominica
dashboard/deps/pytz/zoneinfo/America/Edmonton
dashboard/deps/pytz/zoneinfo/America/Eirunepe
dashboard/deps/pytz/zoneinfo/America/El_Salvador
dashboard/deps/pytz/zoneinfo/America/Ensenada
dashboard/deps/pytz/zoneinfo/America/Fort_Nelson
dashboard/deps/pytz/zoneinfo/America/Fort_Wayne
dashboard/deps/pytz/zoneinfo/America/Fortaleza
dashboard/deps/pytz/zoneinfo/America/Glace_Bay
dashboard/deps/pytz/zoneinfo/America/Godthab
dashboard/deps/pytz/zoneinfo/America/Goose_Bay
dashboard/deps/pytz/zoneinfo/America/Grand_Turk
dashboard/deps/pytz/zoneinfo/America/Grenada
dashboard/deps/pytz/zoneinfo/America/Guadeloupe
dashboard/deps/pytz/zoneinfo/America/Guatemala
dashboard/deps/pytz/zoneinfo/America/Guayaquil
dashboard/deps/pytz/zoneinfo/America/Guyana
dashboard/deps/pytz/zoneinfo/America/Halifax
dashboard/deps/pytz/zoneinfo/America/Havana
dashboard/deps/pytz/zoneinfo/America/Hermosillo
dashboard/deps/pytz/zoneinfo/America/Indiana/Indianapolis
dashboard/deps/pytz/zoneinfo/America/Indiana/Knox
dashboard/deps/pytz/zoneinfo/America/Indiana/Marengo
dashboard/deps/pytz/zoneinfo/America/Indiana/Petersburg
dashboard/deps/pytz/zoneinfo/America/Indiana/Tell_City
dashboard/deps/pytz/zoneinfo/America/Indiana/Vevay
dashboard/deps/pytz/zoneinfo/America/Indiana/Vincennes
dashboard/deps/pytz/zoneinfo/America/Indiana/Winamac
dashboard/deps/pytz/zoneinfo/America/Indianapolis
dashboard/deps/pytz/zoneinfo/America/Inuvik
dashboard/deps/pytz/zoneinfo/America/Iqaluit
dashboard/deps/pytz/zoneinfo/America/Jamaica
dashboard/deps/pytz/zoneinfo/America/Jujuy
dashboard/deps/pytz/zoneinfo/America/Juneau
dashboard/deps/pytz/zoneinfo/America/Kentucky/Louisville
dashboard/deps/pytz/zoneinfo/America/Kentucky/Monticello
dashboard/deps/pytz/zoneinfo/America/Knox_IN
dashboard/deps/pytz/zoneinfo/America/Kralendijk
dashboard/deps/pytz/zoneinfo/America/La_Paz
dashboard/deps/pytz/zoneinfo/America/Lima
dashboard/deps/pytz/zoneinfo/America/Los_Angeles
dashboard/deps/pytz/zoneinfo/America/Louisville
dashboard/deps/pytz/zoneinfo/America/Lower_Princes
dashboard/deps/pytz/zoneinfo/America/Maceio
dashboard/deps/pytz/zoneinfo/America/Managua
dashboard/deps/pytz/zoneinfo/America/Manaus
dashboard/deps/pytz/zoneinfo/America/Marigot
dashboard/deps/pytz/zoneinfo/America/Martinique
dashboard/deps/pytz/zoneinfo/America/Matamoros
dashboard/deps/pytz/zoneinfo/America/Mazatlan
dashboard/deps/pytz/zoneinfo/America/Mendoza
dashboard/deps/pytz/zoneinfo/America/Menominee
dashboard/deps/pytz/zoneinfo/America/Merida
dashboard/deps/pytz/zoneinfo/America/Metlakatla
dashboard/deps/pytz/zoneinfo/America/Mexico_City
dashboard/deps/pytz/zoneinfo/America/Miquelon
dashboard/deps/pytz/zoneinfo/America/Moncton
dashboard/deps/pytz/zoneinfo/America/Monterrey
dashboard/deps/pytz/zoneinfo/America/Montevideo
dashboard/deps/pytz/zoneinfo/America/Montreal
dashboard/deps/pytz/zoneinfo/America/Montserrat
dashboard/deps/pytz/zoneinfo/America/Nassau
dashboard/deps/pytz/zoneinfo/America/New_York
dashboard/deps/pytz/zoneinfo/America/Nipigon
dashboard/deps/pytz/zoneinfo/America/Nome
dashboard/deps/pytz/zoneinfo/America/Noronha
dashboard/deps/pytz/zoneinfo/America/North_Dakota/Beulah
dashboard/deps/pytz/zoneinfo/America/North_Dakota/Center
dashboard/deps/pytz/zoneinfo/America/North_Dakota/New_Salem
dashboard/deps/pytz/zoneinfo/America/Nuuk
dashboard/deps/pytz/zoneinfo/America/Ojinaga
dashboard/deps/pytz/zoneinfo/America/Panama
dashboard/deps/pytz/zoneinfo/America/Pangnirtung
dashboard/deps/pytz/zoneinfo/America/Paramaribo
dashboard/deps/pytz/zoneinfo/America/Phoenix
dashboard/deps/pytz/zoneinfo/America/Port-au-Prince
dashboard/deps/pytz/zoneinfo/America/Port_of_Spain
dashboard/deps/pytz/zoneinfo/America/Porto_Acre
dashboard/deps/pytz/zoneinfo/America/Porto_Velho
dashboard/deps/pytz/zoneinfo/America/Puerto_Rico
dashboard/deps/pytz/zoneinfo/America/Punta_Arenas
dashboard/deps/pytz/zoneinfo/America/Rainy_River
dashboard/deps/pytz/zoneinfo/America/Rankin_Inlet
dashboard/deps/pytz/zoneinfo/America/Recife
dashboard/deps/pytz/zoneinfo/America/Regina
dashboard/deps/pytz/zoneinfo/America/Resolute
dashboard/deps/pytz/zoneinfo/America/Rio_Branco
dashboard/deps/pytz/zoneinfo/America/Rosario
dashboard/deps/pytz/zoneinfo/America/Santa_Isabel
dashboard/deps/pytz/zoneinfo/America/Santarem
dashboard/deps/pytz/zoneinfo/America/Santiago
dashboard/deps/pytz/zoneinfo/America/Santo_Domingo
dashboard/deps/pytz/zoneinfo/America/Sao_Paulo
dashboard/deps/pytz/zoneinfo/America/Scoresbysund
dashboard/deps/pytz/zoneinfo/America/Shiprock
dashboard/deps/pytz/zoneinfo/America/Sitka
dashboard/deps/pytz/zoneinfo/America/St_Barthelemy
dashboard/deps/pytz/zoneinfo/America/St_Johns
dashboard/deps/pytz/zoneinfo/America/St_Kitts
dashboard/deps/pytz/zoneinfo/America/St_Lucia
dashboard/deps/pytz/zoneinfo/America/St_Thomas
dashboard/deps/pytz/zoneinfo/America/St_Vincent
dashboard/deps/pytz/zoneinfo/America/Swift_Current
dashboard/deps/pytz/zoneinfo/America/Tegucigalpa
dashboard/deps/pytz/zoneinfo/America/Thule
dashboard/deps/pytz/zoneinfo/America/Thunder_Bay
dashboard/deps/pytz/zoneinfo/America/Tijuana
dashboard/deps/pytz/zoneinfo/America/Toronto
dashboard/deps/pytz/zoneinfo/America/Tortola
dashboard/deps/pytz/zoneinfo/America/Vancouver
dashboard/deps/pytz/zoneinfo/America/Virgin
dashboard/deps/pytz/zoneinfo/America/Whitehorse
dashboard/deps/pytz/zoneinfo/America/Winnipeg
dashboard/deps/pytz/zoneinfo/America/Yakutat
dashboard/deps/pytz/zoneinfo/America/Yellowknife
dashboard/deps/pytz/zoneinfo/Antarctica/Casey
dashboard/deps/pytz/zoneinfo/Antarctica/Davis
dashboard/deps/pytz/zoneinfo/Antarctica/DumontDUrville
dashboard/deps/pytz/zoneinfo/Antarctica/Macquarie
dashboard/deps/pytz/zoneinfo/Antarctica/Mawson
dashboard/deps/pytz/zoneinfo/Antarctica/McMurdo
dashboard/deps/pytz/zoneinfo/Antarctica/Palmer
dashboard/deps/pytz/zoneinfo/Antarctica/Rothera
dashboard/deps/pytz/zoneinfo/Antarctica/South_Pole
dashboard/deps/pytz/zoneinfo/Antarctica/Syowa
dashboard/deps/pytz/zoneinfo/Antarctica/Troll
dashboard/deps/pytz/zoneinfo/Antarctica/Vostok
dashboard/deps/pytz/zoneinfo/Arctic/Longyearbyen
dashboard/deps/pytz/zoneinfo/Asia/Aden
dashboard/deps/pytz/zoneinfo/Asia/Almaty
dashboard/deps/pytz/zoneinfo/Asia/Amman
dashboard/deps/pytz/zoneinfo/Asia/Anadyr
dashboard/deps/pytz/zoneinfo/Asia/Aqtau
dashboard/deps/pytz/zoneinfo/Asia/Aqtobe
dashboard/deps/pytz/zoneinfo/Asia/Ashgabat
dashboard/deps/pytz/zoneinfo/Asia/Ashkhabad
dashboard/deps/pytz/zoneinfo/Asia/Atyrau
dashboard/deps/pytz/zoneinfo/Asia/Baghdad
dashboard/deps/pytz/zoneinfo/Asia/Bahrain
dashboard/deps/pytz/zoneinfo/Asia/Baku
dashboard/deps/pytz/zoneinfo/Asia/Bangkok
dashboard/deps/pytz/zoneinfo/Asia/Barnaul
dashboard/deps/pytz/zoneinfo/Asia/Beirut
dashboard/deps/pytz/zoneinfo/Asia/Bishkek
dashboard/deps/pytz/zoneinfo/Asia/Brunei
dashboard/deps/pytz/zoneinfo/Asia/Calcutta
dashboard/deps/pytz/zoneinfo/Asia/Chita
dashboard/deps/pytz/zoneinfo/Asia/Choibalsan
dashboard/deps/pytz/zoneinfo/Asia/Chongqing
dashboard/deps/pytz/zoneinfo/Asia/Chungking
dashboard/deps/pytz/zoneinfo/Asia/Colombo
dashboard/deps/pytz/zoneinfo/Asia/Dacca
dashboard/deps/pytz/zoneinfo/Asia/Damascus
dashboard/deps/pytz/zoneinfo/Asia/Dhaka
dashboard/deps/pytz/zoneinfo/Asia/Dili
dashboard/deps/pytz/zoneinfo/Asia/Dubai
dashboard/deps/pytz/zoneinfo/Asia/Dushanbe
dashboard/deps/pytz/zoneinfo/Asia/Famagusta
dashboard/deps/pytz/zoneinfo/Asia/Gaza
dashboard/deps/pytz/zoneinfo/Asia/Harbin
dashboard/deps/pytz/zoneinfo/Asia/Hebron
dashboard/deps/pytz/zoneinfo/Asia/Ho_Chi_Minh
dashboard/deps/pytz/zoneinfo/Asia/Hong_Kong
dashboard/deps/pytz/zoneinfo/Asia/Hovd
dashboard/deps/pytz/zoneinfo/Asia/Irkutsk
dashboard/deps/pytz/zoneinfo/Asia/Istanbul
dashboard/deps/pytz/zoneinfo/Asia/Jakarta
dashboard/deps/pytz/zoneinfo/Asia/Jayapura
dashboard/deps/pytz/zoneinfo/Asia/Jerusalem
dashboard/deps/pytz/zoneinfo/Asia/Kabul
dashboard/deps/pytz/zoneinfo/Asia/Kamchatka
dashboard/deps/pytz/zoneinfo/Asia/Karachi
dashboard/deps/pytz/zoneinfo/Asia/Kashgar
dashboard/deps/pytz/zoneinfo/Asia/Kathmandu
dashboard/deps/pytz/zoneinfo/Asia/Katmandu
dashboard/deps/pytz/zoneinfo/Asia/Khandyga
dashboard/deps/pytz/zoneinfo/Asia/Kolkata
dashboard/deps/pytz/zoneinfo/Asia/Krasnoyarsk
dashboard/deps/pytz/zoneinfo/Asia/Kuala_Lumpur
dashboard/deps/pytz/zoneinfo/Asia/Kuching
dashboard/deps/pytz/zoneinfo/Asia/Kuwait
dashboard/deps/pytz/zoneinfo/Asia/Macao
dashboard/deps/pytz/zoneinfo/Asia/Macau
dashboard/deps/pytz/zoneinfo/Asia/Magadan
dashboard/deps/pytz/zoneinfo/Asia/Makassar
dashboard/deps/pytz/zoneinfo/Asia/Manila
dashboard/deps/pytz/zoneinfo/Asia/Muscat
dashboard/deps/pytz/zoneinfo/Asia/Nicosia
dashboard/deps/pytz/zoneinfo/Asia/Novokuznetsk
dashboard/deps/pytz/zoneinfo/Asia/Novosibirsk
dashboard/deps/pytz/zoneinfo/Asia/Omsk
dashboard/deps/pytz/zoneinfo/Asia/Oral
dashboard/deps/pytz/zoneinfo/Asia/Phnom_Penh
dashboard/deps/pytz/zoneinfo/Asia/Pontianak
dashboard/deps/pytz/zoneinfo/Asia/Pyongyang
dashboard/deps/pytz/zoneinfo/Asia/Qatar
dashboard/deps/pytz/zoneinfo/Asia/Qostanay
dashboard/deps/pytz/zoneinfo/Asia/Qyzylorda
dashboard/deps/pytz/zoneinfo/Asia/Rangoon
dashboard/deps/pytz/zoneinfo/Asia/Riyadh
dashboard/deps/pytz/zoneinfo/Asia/Saigon
dashboard/deps/pytz/zoneinfo/Asia/Sakhalin
dashboard/deps/pytz/zoneinfo/Asia/Samarkand
dashboard/deps/pytz/zoneinfo/Asia/Seoul
dashboard/deps/pytz/zoneinfo/Asia/Shanghai
dashboard/deps/pytz/zoneinfo/Asia/Singapore
dashboard/deps/pytz/zoneinfo/Asia/Srednekolymsk
dashboard/deps/pytz/zoneinfo/Asia/Taipei
dashboard/deps/pytz/zoneinfo/Asia/Tashkent
dashboard/deps/pytz/zoneinfo/Asia/Tbilisi
dashboard/deps/pytz/zoneinfo/Asia/Tehran
dashboard/deps/pytz/zoneinfo/Asia/Tel_Aviv
dashboard/deps/pytz/zoneinfo/Asia/Thimbu
dashboard/deps/pytz/zoneinfo/Asia/Thimphu
dashboard/deps/pytz/zoneinfo/Asia/Tokyo
dashboard/deps/pytz/zoneinfo/Asia/Tomsk
dashboard/deps/pytz/zoneinfo/Asia/Ujung_Pandang
dashboard/deps/pytz/zoneinfo/Asia/Ulaanbaatar
dashboard/deps/pytz/zoneinfo/Asia/Ulan_Bator
dashboard/deps/pytz/zoneinfo/Asia/Urumqi
dashboard/deps/pytz/zoneinfo/Asia/Ust-Nera
dashboard/deps/pytz/zoneinfo/Asia/Vientiane
dashboard/deps/pytz/zoneinfo/Asia/Vladivostok
dashboard/deps/pytz/zoneinfo/Asia/Yakutsk
dashboard/deps/pytz/zoneinfo/Asia/Yangon
dashboard/deps/pytz/zoneinfo/Asia/Yekaterinburg
dashboard/deps/pytz/zoneinfo/Asia/Yerevan
dashboard/deps/pytz/zoneinfo/Atlantic/Azores
dashboard/deps/pytz/zoneinfo/Atlantic/Bermuda
dashboard/deps/pytz/zoneinfo/Atlantic/Canary
dashboard/deps/pytz/zoneinfo/Atlantic/Cape_Verde
dashboard/deps/pytz/zoneinfo/Atlantic/Faeroe
dashboard/deps/pytz/zoneinfo/Atlantic/Faroe
dashboard/deps/pytz/zoneinfo/Atlantic/Jan_Mayen
dashboard/deps/pytz/zoneinfo/Atlantic/Madeira
dashboard/deps/pytz/zoneinfo/Atlantic/Reykjavik
dashboard/deps/pytz/zoneinfo/Atlantic/South_Georgia
dashboard/deps/pytz/zoneinfo/Atlantic/St_Helena
dashboard/deps/pytz/zoneinfo/Atlantic/Stanley
dashboard/deps/pytz/zoneinfo/Australia/ACT
dashboard/deps/pytz/zoneinfo/Australia/Adelaide
dashboard/deps/pytz/zoneinfo/Australia/Brisbane
dashboard/deps/pytz/zoneinfo/Australia/Broken_Hill
dashboard/deps/pytz/zoneinfo/Australia/Canberra
dashboard/deps/pytz/zoneinfo/Australia/Currie
dashboard/deps/pytz/zoneinfo/Australia/Darwin
dashboard/deps/pytz/zoneinfo/Australia/Eucla
dashboard/deps/pytz/zoneinfo/Australia/Hobart
dashboard/deps/pytz/zoneinfo/Australia/LHI
dashboard/deps/pytz/zoneinfo/Australia/Lindeman
dashboard/deps/pytz/zoneinfo/Australia/Lord_Howe
dashboard/deps/pytz/zoneinfo/Australia/Melbourne
dashboard/deps/pytz/zoneinfo/Australia/NSW
dashboard/deps/pytz/zoneinfo/Australia/North
dashboard/deps/pytz/zoneinfo/Australia/Perth
dashboard/deps/pytz/zoneinfo/Australia/Queensland
dashboard/deps/pytz/zoneinfo/Australia/South
dashboard/deps/pytz/zoneinfo/Australia/Sydney
dashboard/deps/pytz/zoneinfo/Australia/Tasmania
dashboard/deps/pytz/zoneinfo/Australia/Victoria
dashboard/deps/pytz/zoneinfo/Australia/West
dashboard/deps/pytz/zoneinfo/Australia/Yancowinna
dashboard/deps/pytz/zoneinfo/Brazil/Acre
dashboard/deps/pytz/zoneinfo/Brazil/DeNoronha
dashboard/deps/pytz/zoneinfo/Brazil/East
dashboard/deps/pytz/zoneinfo/Brazil/West
dashboard/deps/pytz/zoneinfo/CET
dashboard/deps/pytz/zoneinfo/CST6CDT
dashboard/deps/pytz/zoneinfo/Canada/Atlantic
dashboard/deps/pytz/zoneinfo/Canada/Central
dashboard/deps/pytz/zoneinfo/Canada/Eastern
dashboard/deps/pytz/zoneinfo/Canada/Mountain
dashboard/deps/pytz/zoneinfo/Canada/Newfoundland
dashboard/deps/pytz/zoneinfo/Canada/Pacific
dashboard/deps/pytz/zoneinfo/Canada/Saskatchewan
dashboard/deps/pytz/zoneinfo/Canada/Yukon
dashboard/deps/pytz/zoneinfo/Chile/Continental
dashboard/deps/pytz/zoneinfo/Chile/EasterIsland
dashboard/deps/pytz/zoneinfo/Cuba
dashboard/deps/pytz/zoneinfo/EET
dashboard/deps/pytz/zoneinfo/EST
dashboard/deps/pytz/zoneinfo/EST5EDT
dashboard/deps/pytz/zoneinfo/Egypt
dashboard/deps/pytz/zoneinfo/Eire
dashboard/deps/pytz/zoneinfo/Etc/GMT
dashboard/deps/pytz/zoneinfo/Etc/GMT+0
dashboard/deps/pytz/zoneinfo/Etc/GMT+1
dashboard/deps/pytz/zoneinfo/Etc/GMT+10
dashboard/deps/pytz/zoneinfo/Etc/GMT+11
dashboard/deps/pytz/zoneinfo/Etc/GMT+12
dashboard/deps/pytz/zoneinfo/Etc/GMT+2
dashboard/deps/pytz/zoneinfo/Etc/GMT+3
dashboard/deps/pytz/zoneinfo/Etc/GMT+4
dashboard/deps/pytz/zoneinfo/Etc/GMT+5
dashboard/deps/pytz/zoneinfo/Etc/GMT+6
dashboard/deps/pytz/zoneinfo/Etc/GMT+7
dashboard/deps/pytz/zoneinfo/Etc/GMT+8
dashboard/deps/pytz/zoneinfo/Etc/GMT+9
dashboard/deps/pytz/zoneinfo/Etc/GMT-0
dashboard/deps/pytz/zoneinfo/Etc/GMT-1
dashboard/deps/pytz/zoneinfo/Etc/GMT-10
dashboard/deps/pytz/zoneinfo/Etc/GMT-11
dashboard/deps/pytz/zoneinfo/Etc/GMT-12
dashboard/deps/pytz/zoneinfo/Etc/GMT-13
dashboard/deps/pytz/zoneinfo/Etc/GMT-14
dashboard/deps/pytz/zoneinfo/Etc/GMT-2
dashboard/deps/pytz/zoneinfo/Etc/GMT-3
dashboard/deps/pytz/zoneinfo/Etc/GMT-4
dashboard/deps/pytz/zoneinfo/Etc/GMT-5
dashboard/deps/pytz/zoneinfo/Etc/GMT-6
dashboard/deps/pytz/zoneinfo/Etc/GMT-7
dashboard/deps/pytz/zoneinfo/Etc/GMT-8
dashboard/deps/pytz/zoneinfo/Etc/GMT-9
dashboard/deps/pytz/zoneinfo/Etc/GMT0
dashboard/deps/pytz/zoneinfo/Etc/Greenwich
dashboard/deps/pytz/zoneinfo/Etc/UCT
dashboard/deps/pytz/zoneinfo/Etc/UTC
dashboard/deps/pytz/zoneinfo/Etc/Universal
dashboard/deps/pytz/zoneinfo/Etc/Zulu
dashboard/deps/pytz/zoneinfo/Europe/Amsterdam
dashboard/deps/pytz/zoneinfo/Europe/Andorra
dashboard/deps/pytz/zoneinfo/Europe/Astrakhan
dashboard/deps/pytz/zoneinfo/Europe/Athens
dashboard/deps/pytz/zoneinfo/Europe/Belfast
dashboard/deps/pytz/zoneinfo/Europe/Belgrade
dashboard/deps/pytz/zoneinfo/Europe/Berlin
dashboard/deps/pytz/zoneinfo/Europe/Bratislava
dashboard/deps/pytz/zoneinfo/Europe/Brussels
dashboard/deps/pytz/zoneinfo/Europe/Bucharest
dashboard/deps/pytz/zoneinfo/Europe/Budapest
dashboard/deps/pytz/zoneinfo/Europe/Busingen
dashboard/deps/pytz/zoneinfo/Europe/Chisinau
dashboard/deps/pytz/zoneinfo/Europe/Copenhagen
dashboard/deps/pytz/zoneinfo/Europe/Dublin
dashboard/deps/pytz/zoneinfo/Europe/Gibraltar
dashboard/deps/pytz/zoneinfo/Europe/Guernsey
dashboard/deps/pytz/zoneinfo/Europe/Helsinki
dashboard/deps/pytz/zoneinfo/Europe/Isle_of_Man
dashboard/deps/pytz/zoneinfo/Europe/Istanbul
dashboard/deps/pytz/zoneinfo/Europe/Jersey
dashboard/deps/pytz/zoneinfo/Europe/Kaliningrad
dashboard/deps/pytz/zoneinfo/Europe/Kiev
dashboard/deps/pytz/zoneinfo/Europe/Kirov
dashboard/deps/pytz/zoneinfo/Europe/Kyiv
dashboard/deps/pytz/zoneinfo/Europe/Lisbon
dashboard/deps/pytz/zoneinfo/Europe/Ljubljana
dashboard/deps/pytz/zoneinfo/Europe/London
dashboard/deps/pytz/zoneinfo/Europe/Luxembourg
dashboard/deps/pytz/zoneinfo/Europe/Madrid
dashboard/deps/pytz/zoneinfo/Europe/Malta
dashboard/deps/pytz/zoneinfo/Europe/Mariehamn
dashboard/deps/pytz/zoneinfo/Europe/Minsk
dashboard/deps/pytz/zoneinfo/Europe/Monaco
dashboard/deps/pytz/zoneinfo/Europe/Moscow
dashboard/deps/pytz/zoneinfo/Europe/Nicosia
dashboard/deps/pytz/zoneinfo/Europe/Oslo
dashboard/deps/pytz/zoneinfo/Europe/Paris
dashboard/deps/pytz/zoneinfo/Europe/Podgorica
dashboard/deps/pytz/zoneinfo/Europe/Prague
dashboard/deps/pytz/zoneinfo/Europe/Riga
dashboard/deps/pytz/zoneinfo/Europe/Rome
dashboard/deps/pytz/zoneinfo/Europe/Samara
dashboard/deps/pytz/zoneinfo/Europe/San_Marino
dashboard/deps/pytz/zoneinfo/Europe/Sarajevo
dashboard/deps/pytz/zoneinfo/Europe/Saratov
dashboard/deps/pytz/zoneinfo/Europe/Simferopol
dashboard/deps/pytz/zoneinfo/Europe/Skopje
dashboard/deps/pytz/zoneinfo/Europe/Sofia
dashboard/deps/pytz/zoneinfo/Europe/Stockholm
dashboard/deps/pytz/zoneinfo/Europe/Tallinn
dashboard/deps/pytz/zoneinfo/Europe/Tirane
dashboard/deps/pytz/zoneinfo/Europe/Tiraspol
dashboard/deps/pytz/zoneinfo/Europe/Ulyanovsk
dashboard/deps/pytz/zoneinfo/Europe/Uzhgorod
dashboard/deps/pytz/zoneinfo/Europe/Vaduz
dashboard/deps/pytz/zoneinfo/Europe/Vatican
dashboard/deps/pytz/zoneinfo/Europe/Vienna
dashboard/deps/pytz/zoneinfo/Europe/Vilnius
dashboard/deps/pytz/zoneinfo/Europe/Volgograd
dashboard/deps/pytz/zoneinfo/Europe/Warsaw
dashboard/deps/pytz/zoneinfo/Europe/Zagreb
dashboard/deps/pytz/zoneinfo/Europe/Zaporozhye
dashboard/deps/pytz/zoneinfo/Europe/Zurich
dashboard/deps/pytz/zoneinfo/Factory
dashboard/deps/pytz/zoneinfo/GB
dashboard/deps/pytz/zoneinfo/GB-Eire
dashboard/deps/pytz/zoneinfo/GMT
dashboard/deps/pytz/zoneinfo/GMT+0
dashboard/deps/pytz/zoneinfo/GMT-0
dashboard/deps/pytz/zoneinfo/GMT0
dashboard/deps/pytz/zoneinfo/Greenwich
dashboard/deps/pytz/zoneinfo/HST
dashboard/deps/pytz/zoneinfo/Hongkong
dashboard/deps/pytz/zoneinfo/Iceland
dashboard/deps/pytz/zoneinfo/Indian/Antananarivo
dashboard/deps/pytz/zoneinfo/Indian/Chagos
dashboard/deps/pytz/zoneinfo/Indian/Christmas
dashboard/deps/pytz/zoneinfo/Indian/Cocos
dashboard/deps/pytz/zoneinfo/Indian/Comoro
dashboard/deps/pytz/zoneinfo/Indian/Kerguelen
dashboard/deps/pytz/zoneinfo/Indian/Mahe
dashboard/deps/pytz/zoneinfo/Indian/Maldives
dashboard/deps/pytz/zoneinfo/Indian/Mauritius
dashboard/deps/pytz/zoneinfo/Indian/Mayotte
dashboard/deps/pytz/zoneinfo/Indian/Reunion
dashboard/deps/pytz/zoneinfo/Iran
dashboard/deps/pytz/zoneinfo/Israel
dashboard/deps/pytz/zoneinfo/Jamaica
dashboard/deps/pytz/zoneinfo/Japan
dashboard/deps/pytz/zoneinfo/Kwajalein
dashboard/deps/pytz/zoneinfo/Libya
dashboard/deps/pytz/zoneinfo/MET
dashboard/deps/pytz/zoneinfo/MST
dashboard/deps/pytz/zoneinfo/MST7MDT
dashboard/deps/pytz/zoneinfo/Mexico/BajaNorte
dashboard/deps/pytz/zoneinfo/Mexico/BajaSur
dashboard/deps/pytz/zoneinfo/Mexico/General
dashboard/deps/pytz/zoneinfo/NZ
dashboard/deps/pytz/zoneinfo/NZ-CHAT
dashboard/deps/pytz/zoneinfo/Navajo
dashboard/deps/pytz/zoneinfo/PRC
dashboard/deps/pytz/zoneinfo/PST8PDT
dashboard/deps/pytz/zoneinfo/Pacific/Apia
dashboard/deps/pytz/zoneinfo/Pacific/Auckland
dashboard/deps/pytz/zoneinfo/Pacific/Bougainville
dashboard/deps/pytz/zoneinfo/Pacific/Chatham
dashboard/deps/pytz/zoneinfo/Pacific/Chuuk
dashboard/deps/pytz/zoneinfo/Pacific/Easter
dashboard/deps/pytz/zoneinfo/Pacific/Efate
dashboard/deps/pytz/zoneinfo/Pacific/Enderbury
dashboard/deps/pytz/zoneinfo/Pacific/Fakaofo
dashboard/deps/pytz/zoneinfo/Pacific/Fiji
dashboard/deps/pytz/zoneinfo/Pacific/Funafuti
dashboard/deps/pytz/zoneinfo/Pacific/Galapagos
dashboard/deps/pytz/zoneinfo/Pacific/Gambier
dashboard/deps/pytz/zoneinfo/Pacific/Guadalcanal
dashboard/deps/pytz/zoneinfo/Pacific/Guam
dashboard/deps/pytz/zoneinfo/Pacific/Honolulu
dashboard/deps/pytz/zoneinfo/Pacific/Johnston
dashboard/deps/pytz/zoneinfo/Pacific/Kanton
dashboard/deps/pytz/zoneinfo/Pacific/Kiritimati
dashboard/deps/pytz/zoneinfo/Pacific/Kosrae
dashboard/deps/pytz/zoneinfo/Pacific/Kwajalein
dashboard/deps/pytz/zoneinfo/Pacific/Majuro
dashboard/deps/pytz/zoneinfo/Pacific/Marquesas
dashboard/deps/pytz/zoneinfo/Pacific/Midway
dashboard/deps/pytz/zoneinfo/Pacific/Nauru
dashboard/deps/pytz/zoneinfo/Pacific/Niue
dashboard/deps/pytz/zoneinfo/Pacific/Norfolk
dashboard/deps/pytz/zoneinfo/Pacific/Noumea
dashboard/deps/pytz/zoneinfo/Pacific/Pago_Pago
dashboard/deps/pytz/zoneinfo/Pacific/Palau
dashboard/deps/pytz/zoneinfo/Pacific/Pitcairn
dashboard/deps/pytz/zoneinfo/Pacific/Pohnpei
dashboard/deps/pytz/zoneinfo/Pacific/Ponape
dashboard/deps/pytz/zoneinfo/Pacific/Port_Moresby
dashboard/deps/pytz/zoneinfo/Pacific/Rarotonga
dashboard/deps/pytz/zoneinfo/Pacific/Saipan
dashboard/deps/pytz/zoneinfo/Pacific/Samoa
dashboard/deps/pytz/zoneinfo/Pacific/Tahiti
dashboard/deps/pytz/zoneinfo/Pacific/Tarawa
dashboard/deps/pytz/zoneinfo/Pacific/Tongatapu
dashboard/deps/pytz/zoneinfo/Pacific/Truk
dashboard/deps/pytz/zoneinfo/Pacific/Wake
dashboard/deps/pytz/zoneinfo/Pacific/Wallis
dashboard/deps/pytz/zoneinfo/Pacific/Yap
dashboard/deps/pytz/zoneinfo/Poland
dashboard/deps/pytz/zoneinfo/Portugal
dashboard/deps/pytz/zoneinfo/ROC
dashboard/deps/pytz/zoneinfo/ROK
dashboard/deps/pytz/zoneinfo/Singapore
dashboard/deps/pytz/zoneinfo/Turkey
dashboard/deps/pytz/zoneinfo/UCT
dashboard/deps/pytz/zoneinfo/US/Alaska
dashboard/deps/pytz/zoneinfo/US/Aleutian
dashboard/deps/pytz/zoneinfo/US/Arizona
dashboard/deps/pytz/zoneinfo/US/Central
dashboard/deps/pytz/zoneinfo/US/East-Indiana
dashboard/deps/pytz/zoneinfo/US/Eastern
dashboard/deps/pytz/zoneinfo/US/Hawaii
dashboard/deps/pytz/zoneinfo/US/Indiana-Starke
dashboard/deps/pytz/zoneinfo/US/Michigan
dashboard/deps/pytz/zoneinfo/US/Mountain
dashboard/deps/pytz/zoneinfo/US/Pacific
dashboard/deps/pytz/zoneinfo/US/Samoa
dashboard/deps/pytz/zoneinfo/UTC
dashboard/deps/pytz/zoneinfo/Universal
dashboard/deps/pytz/zoneinfo/W-SU
dashboard/deps/pytz/zoneinfo/WET
dashboard/deps/pytz/zoneinfo/Zulu
dashboard/deps/pytz/zoneinfo/iso3166.tab
dashboard/deps/pytz/zoneinfo/leapseconds
dashboard/deps/pytz/zoneinfo/tzdata.zi
dashboard/deps/pytz/zoneinfo/zone.tab
dashboard/deps/pytz/zoneinfo/zone1970.tab
dashboard/deps/pytz/zoneinfo/zonenow.tab
dashboard/deps/requests-2.32.5.dist-info/INSTALLER
dashboard/deps/requests-2.32.5.dist-info/METADATA
dashboard/deps/requests-2.32.5.dist-info/RECORD
dashboard/deps/requests-2.32.5.dist-info/REQUESTED
dashboard/deps/requests-2.32.5.dist-info/WHEEL
dashboard/deps/requests-2.32.5.dist-info/licenses/LICENSE
dashboard/deps/requests-2.32.5.dist-info/top_level.txt
dashboard/deps/requests/__init__.py
dashboard/deps/requests/__pycache__/__init__.cpython-39.pyc
dashboard/deps/requests/__pycache__/__version__.cpython-39.pyc
dashboard/deps/requests/__pycache__/_internal_utils.cpython-39.pyc
dashboard/deps/requests/__pycache__/adapters.cpython-39.pyc
dashboard/deps/requests/__pycache__/api.cpython-39.pyc
dashboard/deps/requests/__pycache__/auth.cpython-39.pyc
dashboard/deps/requests/__pycache__/certs.cpython-39.pyc
dashboard/deps/requests/__pycache__/compat.cpython-39.pyc
dashboard/deps/requests/__pycache__/cookies.cpython-39.pyc
dashboard/deps/requests/__pycache__/exceptions.cpython-39.pyc
dashboard/deps/requests/__pycache__/help.cpython-39.pyc
dashboard/deps/requests/__pycache__/hooks.cpython-39.pyc
dashboard/deps/requests/__pycache__/models.cpython-39.pyc
dashboard/deps/requests/__pycache__/packages.cpython-39.pyc
dashboard/deps/requests/__pycache__/sessions.cpython-39.pyc
dashboard/deps/requests/__pycache__/status_codes.cpython-39.pyc
dashboard/deps/requests/__pycache__/structures.cpython-39.pyc
dashboard/deps/requests/__pycache__/utils.cpython-39.pyc
dashboard/deps/requests/__version__.py
dashboard/deps/requests/_internal_utils.py
dashboard/deps/requests/adapters.py
dashboard/deps/requests/api.py
dashboard/deps/requests/auth.py
dashboard/deps/requests/certs.py
dashboard/deps/requests/compat.py
dashboard/deps/requests/cookies.py
dashboard/deps/requests/exceptions.py
dashboard/deps/requests/help.py
dashboard/deps/requests/hooks.py
dashboard/deps/requests/models.py
dashboard/deps/requests/packages.py
dashboard/deps/requests/sessions.py
dashboard/deps/requests/status_codes.py
dashboard/deps/requests/structures.py
dashboard/deps/requests/utils.py
dashboard/deps/urllib3-2.6.3.dist-info/INSTALLER
dashboard/deps/urllib3-2.6.3.dist-info/METADATA
dashboard/deps/urllib3-2.6.3.dist-info/RECORD
dashboard/deps/urllib3-2.6.3.dist-info/WHEEL
dashboard/deps/urllib3-2.6.3.dist-info/licenses/LICENSE.txt
dashboard/deps/urllib3/__init__.py
dashboard/deps/urllib3/__pycache__/__init__.cpython-39.pyc
dashboard/deps/urllib3/__pycache__/_base_connection.cpython-39.pyc
dashboard/deps/urllib3/__pycache__/_collections.cpython-39.pyc
dashboard/deps/urllib3/__pycache__/_request_methods.cpython-39.pyc
dashboard/deps/urllib3/__pycache__/_version.cpython-39.pyc
dashboard/deps/urllib3/__pycache__/connection.cpython-39.pyc
dashboard/deps/urllib3/__pycache__/connectionpool.cpython-39.pyc
dashboard/deps/urllib3/__pycache__/exceptions.cpython-39.pyc
dashboard/deps/urllib3/__pycache__/fields.cpython-39.pyc
dashboard/deps/urllib3/__pycache__/filepost.cpython-39.pyc
dashboard/deps/urllib3/__pycache__/poolmanager.cpython-39.pyc
dashboard/deps/urllib3/__pycache__/response.cpython-39.pyc
dashboard/deps/urllib3/_base_connection.py
dashboard/deps/urllib3/_collections.py
dashboard/deps/urllib3/_request_methods.py
dashboard/deps/urllib3/_version.py
dashboard/deps/urllib3/connection.py
dashboard/deps/urllib3/connectionpool.py
dashboard/deps/urllib3/contrib/__init__.py
dashboard/deps/urllib3/contrib/__pycache__/__init__.cpython-39.pyc
dashboard/deps/urllib3/contrib/__pycache__/pyopenssl.cpython-39.pyc
dashboard/deps/urllib3/contrib/__pycache__/socks.cpython-39.pyc
dashboard/deps/urllib3/contrib/emscripten/__init__.py
dashboard/deps/urllib3/contrib/emscripten/__pycache__/__init__.cpython-39.pyc
dashboard/deps/urllib3/contrib/emscripten/__pycache__/connection.cpython-39.pyc
dashboard/deps/urllib3/contrib/emscripten/__pycache__/fetch.cpython-39.pyc
dashboard/deps/urllib3/contrib/emscripten/__pycache__/request.cpython-39.pyc
dashboard/deps/urllib3/contrib/emscripten/__pycache__/response.cpython-39.pyc
dashboard/deps/urllib3/contrib/emscripten/connection.py
dashboard/deps/urllib3/contrib/emscripten/emscripten_fetch_worker.js
dashboard/deps/urllib3/contrib/emscripten/fetch.py
dashboard/deps/urllib3/contrib/emscripten/request.py
dashboard/deps/urllib3/contrib/emscripten/response.py
dashboard/deps/urllib3/contrib/pyopenssl.py
dashboard/deps/urllib3/contrib/socks.py
dashboard/deps/urllib3/exceptions.py
dashboard/deps/urllib3/fields.py
dashboard/deps/urllib3/filepost.py
dashboard/deps/urllib3/http2/__init__.py
dashboard/deps/urllib3/http2/__pycache__/__init__.cpython-39.pyc
dashboard/deps/urllib3/http2/__pycache__/connection.cpython-39.pyc
dashboard/deps/urllib3/http2/__pycache__/probe.cpython-39.pyc
dashboard/deps/urllib3/http2/connection.py
dashboard/deps/urllib3/http2/probe.py
dashboard/deps/urllib3/poolmanager.py
dashboard/deps/urllib3/py.typed
dashboard/deps/urllib3/response.py
dashboard/deps/urllib3/util/__init__.py
dashboard/deps/urllib3/util/__pycache__/__init__.cpython-39.pyc
dashboard/deps/urllib3/util/__pycache__/connection.cpython-39.pyc
dashboard/deps/urllib3/util/__pycache__/proxy.cpython-39.pyc
dashboard/deps/urllib3/util/__pycache__/request.cpython-39.pyc
dashboard/deps/urllib3/util/__pycache__/response.cpython-39.pyc
dashboard/deps/urllib3/util/__pycache__/retry.cpython-39.pyc
dashboard/deps/urllib3/util/__pycache__/ssl_.cpython-39.pyc
dashboard/deps/urllib3/util/__pycache__/ssl_match_hostname.cpython-39.pyc
dashboard/deps/urllib3/util/__pycache__/ssltransport.cpython-39.pyc
dashboard/deps/urllib3/util/__pycache__/timeout.cpython-39.pyc
dashboard/deps/urllib3/util/__pycache__/url.cpython-39.pyc
dashboard/deps/urllib3/util/__pycache__/util.cpython-39.pyc
dashboard/deps/urllib3/util/__pycache__/wait.cpython-39.pyc
dashboard/deps/urllib3/util/connection.py
dashboard/deps/urllib3/util/proxy.py
dashboard/deps/urllib3/util/request.py
dashboard/deps/urllib3/util/response.py
dashboard/deps/urllib3/util/retry.py
dashboard/deps/urllib3/util/ssl_.py
dashboard/deps/urllib3/util/ssl_match_hostname.py
dashboard/deps/urllib3/util/ssltransport.py
dashboard/deps/urllib3/util/timeout.py
dashboard/deps/urllib3/util/url.py
dashboard/deps/urllib3/util/util.py
dashboard/deps/urllib3/util/wait.py
dashboard/deps/werkzeug-3.1.6.dist-info/INSTALLER
dashboard/deps/werkzeug-3.1.6.dist-info/METADATA
dashboard/deps/werkzeug-3.1.6.dist-info/RECORD
dashboard/deps/werkzeug-3.1.6.dist-info/WHEEL
dashboard/deps/werkzeug-3.1.6.dist-info/licenses/LICENSE.txt
dashboard/deps/werkzeug/__init__.py
dashboard/deps/werkzeug/__pycache__/__init__.cpython-39.pyc
dashboard/deps/werkzeug/__pycache__/_internal.cpython-39.pyc
dashboard/deps/werkzeug/__pycache__/_reloader.cpython-39.pyc
dashboard/deps/werkzeug/__pycache__/exceptions.cpython-39.pyc
dashboard/deps/werkzeug/__pycache__/formparser.cpython-39.pyc
dashboard/deps/werkzeug/__pycache__/http.cpython-39.pyc
dashboard/deps/werkzeug/__pycache__/local.cpython-39.pyc
dashboard/deps/werkzeug/__pycache__/security.cpython-39.pyc
dashboard/deps/werkzeug/__pycache__/serving.cpython-39.pyc
dashboard/deps/werkzeug/__pycache__/test.cpython-39.pyc
dashboard/deps/werkzeug/__pycache__/testapp.cpython-39.pyc
dashboard/deps/werkzeug/__pycache__/urls.cpython-39.pyc
dashboard/deps/werkzeug/__pycache__/user_agent.cpython-39.pyc
dashboard/deps/werkzeug/__pycache__/utils.cpython-39.pyc
dashboard/deps/werkzeug/__pycache__/wsgi.cpython-39.pyc
dashboard/deps/werkzeug/_internal.py
dashboard/deps/werkzeug/_reloader.py
dashboard/deps/werkzeug/datastructures/__init__.py
dashboard/deps/werkzeug/datastructures/__pycache__/__init__.cpython-39.pyc
dashboard/deps/werkzeug/datastructures/__pycache__/accept.cpython-39.pyc
dashboard/deps/werkzeug/datastructures/__pycache__/auth.cpython-39.pyc
dashboard/deps/werkzeug/datastructures/__pycache__/cache_control.cpython-39.pyc
dashboard/deps/werkzeug/datastructures/__pycache__/csp.cpython-39.pyc
dashboard/deps/werkzeug/datastructures/__pycache__/etag.cpython-39.pyc
dashboard/deps/werkzeug/datastructures/__pycache__/file_storage.cpython-39.pyc
dashboard/deps/werkzeug/datastructures/__pycache__/headers.cpython-39.pyc
dashboard/deps/werkzeug/datastructures/__pycache__/mixins.cpython-39.pyc
dashboard/deps/werkzeug/datastructures/__pycache__/range.cpython-39.pyc
dashboard/deps/werkzeug/datastructures/__pycache__/structures.cpython-39.pyc
dashboard/deps/werkzeug/datastructures/accept.py
dashboard/deps/werkzeug/datastructures/auth.py
dashboard/deps/werkzeug/datastructures/cache_control.py
dashboard/deps/werkzeug/datastructures/csp.py
dashboard/deps/werkzeug/datastructures/etag.py
dashboard/deps/werkzeug/datastructures/file_storage.py
dashboard/deps/werkzeug/datastructures/headers.py
dashboard/deps/werkzeug/datastructures/mixins.py
dashboard/deps/werkzeug/datastructures/range.py
dashboard/deps/werkzeug/datastructures/structures.py
dashboard/deps/werkzeug/debug/__init__.py
dashboard/deps/werkzeug/debug/__pycache__/__init__.cpython-39.pyc
dashboard/deps/werkzeug/debug/__pycache__/console.cpython-39.pyc
dashboard/deps/werkzeug/debug/__pycache__/repr.cpython-39.pyc
dashboard/deps/werkzeug/debug/__pycache__/tbtools.cpython-39.pyc
dashboard/deps/werkzeug/debug/console.py
dashboard/deps/werkzeug/debug/repr.py
dashboard/deps/werkzeug/debug/shared/ICON_LICENSE.md
dashboard/deps/werkzeug/debug/shared/console.png
dashboard/deps/werkzeug/debug/shared/debugger.js
dashboard/deps/werkzeug/debug/shared/less.png
dashboard/deps/werkzeug/debug/shared/more.png
dashboard/deps/werkzeug/debug/shared/style.css
dashboard/deps/werkzeug/debug/tbtools.py
dashboard/deps/werkzeug/exceptions.py
dashboard/deps/werkzeug/formparser.py
dashboard/deps/werkzeug/http.py
dashboard/deps/werkzeug/local.py
dashboard/deps/werkzeug/middleware/__init__.py
dashboard/deps/werkzeug/middleware/__pycache__/__init__.cpython-39.pyc
dashboard/deps/werkzeug/middleware/__pycache__/dispatcher.cpython-39.pyc
dashboard/deps/werkzeug/middleware/__pycache__/http_proxy.cpython-39.pyc
dashboard/deps/werkzeug/middleware/__pycache__/lint.cpython-39.pyc
dashboard/deps/werkzeug/middleware/__pycache__/profiler.cpython-39.pyc
dashboard/deps/werkzeug/middleware/__pycache__/proxy_fix.cpython-39.pyc
dashboard/deps/werkzeug/middleware/__pycache__/shared_data.cpython-39.pyc
dashboard/deps/werkzeug/middleware/dispatcher.py
dashboard/deps/werkzeug/middleware/http_proxy.py
dashboard/deps/werkzeug/middleware/lint.py
dashboard/deps/werkzeug/middleware/profiler.py
dashboard/deps/werkzeug/middleware/proxy_fix.py
dashboard/deps/werkzeug/middleware/shared_data.py
dashboard/deps/werkzeug/py.typed
dashboard/deps/werkzeug/routing/__init__.py
dashboard/deps/werkzeug/routing/__pycache__/__init__.cpython-39.pyc
dashboard/deps/werkzeug/routing/__pycache__/converters.cpython-39.pyc
dashboard/deps/werkzeug/routing/__pycache__/exceptions.cpython-39.pyc
dashboard/deps/werkzeug/routing/__pycache__/map.cpython-39.pyc
dashboard/deps/werkzeug/routing/__pycache__/matcher.cpython-39.pyc
dashboard/deps/werkzeug/routing/__pycache__/rules.cpython-39.pyc
dashboard/deps/werkzeug/routing/converters.py
dashboard/deps/werkzeug/routing/exceptions.py
dashboard/deps/werkzeug/routing/map.py
dashboard/deps/werkzeug/routing/matcher.py
dashboard/deps/werkzeug/routing/rules.py
dashboard/deps/werkzeug/sansio/__init__.py
dashboard/deps/werkzeug/sansio/__pycache__/__init__.cpython-39.pyc
dashboard/deps/werkzeug/sansio/__pycache__/http.cpython-39.pyc
dashboard/deps/werkzeug/sansio/__pycache__/multipart.cpython-39.pyc
dashboard/deps/werkzeug/sansio/__pycache__/request.cpython-39.pyc
dashboard/deps/werkzeug/sansio/__pycache__/response.cpython-39.pyc
dashboard/deps/werkzeug/sansio/__pycache__/utils.cpython-39.pyc
dashboard/deps/werkzeug/sansio/http.py
dashboard/deps/werkzeug/sansio/multipart.py
dashboard/deps/werkzeug/sansio/request.py
dashboard/deps/werkzeug/sansio/response.py
dashboard/deps/werkzeug/sansio/utils.py
dashboard/deps/werkzeug/security.py
dashboard/deps/werkzeug/serving.py
dashboard/deps/werkzeug/test.py
dashboard/deps/werkzeug/testapp.py
dashboard/deps/werkzeug/urls.py
dashboard/deps/werkzeug/user_agent.py
dashboard/deps/werkzeug/utils.py
dashboard/deps/werkzeug/wrappers/__init__.py
dashboard/deps/werkzeug/wrappers/__pycache__/__init__.cpython-39.pyc
dashboard/deps/werkzeug/wrappers/__pycache__/request.cpython-39.pyc
dashboard/deps/werkzeug/wrappers/__pycache__/response.cpython-39.pyc
dashboard/deps/werkzeug/wrappers/request.py
dashboard/deps/werkzeug/wrappers/response.py
dashboard/deps/werkzeug/wsgi.py
dashboard/deps/zipp-3.23.0.dist-info/INSTALLER
dashboard/deps/zipp-3.23.0.dist-info/METADATA
dashboard/deps/zipp-3.23.0.dist-info/RECORD
dashboard/deps/zipp-3.23.0.dist-info/WHEEL
dashboard/deps/zipp-3.23.0.dist-info/licenses/LICENSE
dashboard/deps/zipp-3.23.0.dist-info/top_level.txt
dashboard/deps/zipp/__init__.py
dashboard/deps/zipp/__pycache__/__init__.cpython-39.pyc
dashboard/deps/zipp/__pycache__/_functools.cpython-39.pyc
dashboard/deps/zipp/__pycache__/glob.cpython-39.pyc
dashboard/deps/zipp/_functools.py
dashboard/deps/zipp/compat/__init__.py
dashboard/deps/zipp/compat/__pycache__/__init__.cpython-39.pyc
dashboard/deps/zipp/compat/__pycache__/overlay.cpython-39.pyc
dashboard/deps/zipp/compat/__pycache__/py310.cpython-39.pyc
dashboard/deps/zipp/compat/__pycache__/py313.cpython-39.pyc
dashboard/deps/zipp/compat/overlay.py
dashboard/deps/zipp/compat/py310.py
dashboard/deps/zipp/compat/py313.py
dashboard/deps/zipp/glob.py
dashboard/static/favicon.ico
dashboard/static/siem.crt
dashboard/templates/alertas.html
dashboard/templates/graficas.html
dashboard/templates/index.html
dashboard/templates/login.html
dashboard/templates/sniffer.html
pihole/.exec.swp
pihole/.nanoarc
pihole/.pihole.swp
pihole/docker-compose.yml
pihole/docker-compose.yml.save
pihole/etc-pihole/adlists.list
pihole/etc-pihole/cli_pw
pihole/etc-pihole/config_backups/pihole.toml.1
pihole/etc-pihole/config_backups/pihole.toml.10
pihole/etc-pihole/config_backups/pihole.toml.11
pihole/etc-pihole/config_backups/pihole.toml.12
pihole/etc-pihole/config_backups/pihole.toml.13
pihole/etc-pihole/config_backups/pihole.toml.14
pihole/etc-pihole/config_backups/pihole.toml.15
pihole/etc-pihole/config_backups/pihole.toml.2
pihole/etc-pihole/config_backups/pihole.toml.3
pihole/etc-pihole/config_backups/pihole.toml.4
pihole/etc-pihole/config_backups/pihole.toml.5
pihole/etc-pihole/config_backups/pihole.toml.6
pihole/etc-pihole/config_backups/pihole.toml.7
pihole/etc-pihole/config_backups/pihole.toml.8
pihole/etc-pihole/config_backups/pihole.toml.9
pihole/etc-pihole/dhcp.leases
pihole/etc-pihole/dnsmasq.conf
pihole/etc-pihole/gravity_backups/gravity.db.1
pihole/etc-pihole/gravity_backups/gravity.db.10
pihole/etc-pihole/gravity_backups/gravity.db.2
pihole/etc-pihole/gravity_backups/gravity.db.3
pihole/etc-pihole/gravity_backups/gravity.db.4
pihole/etc-pihole/gravity_backups/gravity.db.5
pihole/etc-pihole/gravity_backups/gravity.db.6
pihole/etc-pihole/gravity_backups/gravity.db.7
pihole/etc-pihole/gravity_backups/gravity.db.8
pihole/etc-pihole/gravity_backups/gravity.db.9
pihole/etc-pihole/hosts/custom.list
pihole/etc-pihole/listsCache/list.1.raw.githubusercontent.com.domains
pihole/etc-pihole/listsCache/list.1.raw.githubusercontent.com.domains.etag
pihole/etc-pihole/listsCache/list.1.raw.githubusercontent.com.domains.sha1
pihole/etc-pihole/listsCache/list.10.perflyst.github.io.domains
pihole/etc-pihole/listsCache/list.10.perflyst.github.io.domains.etag
pihole/etc-pihole/listsCache/list.10.perflyst.github.io.domains.sha1
pihole/etc-pihole/listsCache/list.11.perflyst.github.io.domains
pihole/etc-pihole/listsCache/list.11.perflyst.github.io.domains.etag
pihole/etc-pihole/listsCache/list.11.perflyst.github.io.domains.sha1
pihole/etc-pihole/listsCache/list.19.blocklistproject.github.io.domains
pihole/etc-pihole/listsCache/list.19.blocklistproject.github.io.domains.etag
pihole/etc-pihole/listsCache/list.19.blocklistproject.github.io.domains.sha1
pihole/etc-pihole/listsCache/list.2.raw.githubusercontent.com.domains.etag
pihole/etc-pihole/listsCache/list.20.blocklistproject.github.io.domains
pihole/etc-pihole/listsCache/list.20.blocklistproject.github.io.domains.etag
pihole/etc-pihole/listsCache/list.20.blocklistproject.github.io.domains.sha1
pihole/etc-pihole/listsCache/list.21.blocklistproject.github.io.domains
pihole/etc-pihole/listsCache/list.21.blocklistproject.github.io.domains.etag
pihole/etc-pihole/listsCache/list.21.blocklistproject.github.io.domains.sha1
pihole/etc-pihole/listsCache/list.22.raw.githubusercontent.com.domains
pihole/etc-pihole/listsCache/list.22.raw.githubusercontent.com.domains.etag
pihole/etc-pihole/listsCache/list.22.raw.githubusercontent.com.domains.sha1
pihole/etc-pihole/listsCache/list.23.raw.githubusercontent.com.domains
pihole/etc-pihole/listsCache/list.23.raw.githubusercontent.com.domains.etag
pihole/etc-pihole/listsCache/list.23.raw.githubusercontent.com.domains.sha1
pihole/etc-pihole/listsCache/list.25.blocklistproject.github.io.domains
pihole/etc-pihole/listsCache/list.25.blocklistproject.github.io.domains.etag
pihole/etc-pihole/listsCache/list.25.blocklistproject.github.io.domains.sha1
pihole/etc-pihole/listsCache/list.26.blocklistproject.github.io.domains
pihole/etc-pihole/listsCache/list.26.blocklistproject.github.io.domains.etag
pihole/etc-pihole/listsCache/list.26.blocklistproject.github.io.domains.sha1
pihole/etc-pihole/listsCache/list.27.latest.domains
pihole/etc-pihole/listsCache/list.27.latest.domains.etag
pihole/etc-pihole/listsCache/list.27.latest.domains.sha1
pihole/etc-pihole/listsCache/list.3.raw.githubusercontent.com.domains
pihole/etc-pihole/listsCache/list.3.raw.githubusercontent.com.domains.etag
pihole/etc-pihole/listsCache/list.3.raw.githubusercontent.com.domains.sha1
pihole/etc-pihole/listsCache/list.31.github.com.domains
pihole/etc-pihole/listsCache/list.31.github.com.domains.etag
pihole/etc-pihole/listsCache/list.31.github.com.domains.sha1
pihole/etc-pihole/listsCache/list.4.big.oisd.nl.domains
pihole/etc-pihole/listsCache/list.4.big.oisd.nl.domains.etag
pihole/etc-pihole/listsCache/list.4.big.oisd.nl.domains.sha1
pihole/etc-pihole/listsCache/list.5.raw.githubusercontent.com.domains
pihole/etc-pihole/listsCache/list.5.raw.githubusercontent.com.domains.etag
pihole/etc-pihole/listsCache/list.5.raw.githubusercontent.com.domains.sha1
pihole/etc-pihole/listsCache/list.6.raw.githubusercontent.com.domains
pihole/etc-pihole/listsCache/list.6.raw.githubusercontent.com.domains.etag
pihole/etc-pihole/listsCache/list.6.raw.githubusercontent.com.domains.sha1
pihole/etc-pihole/listsCache/list.7.raw.githubusercontent.com.domains
pihole/etc-pihole/listsCache/list.7.raw.githubusercontent.com.domains.etag
pihole/etc-pihole/listsCache/list.7.raw.githubusercontent.com.domains.sha1
pihole/etc-pihole/listsCache/list.8.perflyst.github.io.domains
pihole/etc-pihole/listsCache/list.8.perflyst.github.io.domains.etag
pihole/etc-pihole/listsCache/list.8.perflyst.github.io.domains.sha1
pihole/etc-pihole/listsCache/list.9.raw.githubusercontent.com.domains
pihole/etc-pihole/listsCache/list.9.raw.githubusercontent.com.domains.etag
pihole/etc-pihole/listsCache/list.9.raw.githubusercontent.com.domains.sha1
pihole/etc-pihole/migration_backup/adlists.list
pihole/etc-pihole/pihole-FTL.db
pihole/etc-pihole/pihole-FTL.db-shm
pihole/etc-pihole/pihole-FTL.db-wal
pihole/etc-pihole/pihole.toml
pihole/etc-pihole/tls.crt
pihole/etc-pihole/tls.pem
pihole/etc-pihole/tls_ca.crt
pihole/etc-pihole/versions
pihole/grafana_data/grafana.db
pihole/grafana_data/plugins/grafana-exploretraces-app/156.js
pihole/grafana_data/plugins/grafana-exploretraces-app/156.js.map
pihole/grafana_data/plugins/grafana-exploretraces-app/200.js
pihole/grafana_data/plugins/grafana-exploretraces-app/200.js.LICENSE.txt
pihole/grafana_data/plugins/grafana-exploretraces-app/200.js.map
pihole/grafana_data/plugins/grafana-exploretraces-app/202.js
pihole/grafana_data/plugins/grafana-exploretraces-app/202.js.map
pihole/grafana_data/plugins/grafana-exploretraces-app/535.js
pihole/grafana_data/plugins/grafana-exploretraces-app/535.js.map
pihole/grafana_data/plugins/grafana-exploretraces-app/722.js
pihole/grafana_data/plugins/grafana-exploretraces-app/722.js.map
pihole/grafana_data/plugins/grafana-exploretraces-app/766.js
pihole/grafana_data/plugins/grafana-exploretraces-app/766.js.map
pihole/grafana_data/plugins/grafana-exploretraces-app/782.js
pihole/grafana_data/plugins/grafana-exploretraces-app/782.js.map
pihole/grafana_data/plugins/grafana-exploretraces-app/812.js
pihole/grafana_data/plugins/grafana-exploretraces-app/812.js.map
pihole/grafana_data/plugins/grafana-exploretraces-app/944c737f589d02ecf603.svg
pihole/grafana_data/plugins/grafana-exploretraces-app/CHANGELOG.md
pihole/grafana_data/plugins/grafana-exploretraces-app/LICENSE
pihole/grafana_data/plugins/grafana-exploretraces-app/MANIFEST.txt
pihole/grafana_data/plugins/grafana-exploretraces-app/README.md
pihole/grafana_data/plugins/grafana-exploretraces-app/components/states/EmptyState/img/grot-404-dark.svg
pihole/grafana_data/plugins/grafana-exploretraces-app/components/states/EmptyState/img/grot-404-light.svg
pihole/grafana_data/plugins/grafana-exploretraces-app/e79edcfbe2068fae2364.svg
pihole/grafana_data/plugins/grafana-exploretraces-app/img/errors-metric-flow.png
pihole/grafana_data/plugins/grafana-exploretraces-app/img/errors-root-cause.png
pihole/grafana_data/plugins/grafana-exploretraces-app/img/histogram-breakdown.png
pihole/grafana_data/plugins/grafana-exploretraces-app/img/logo.svg
pihole/grafana_data/plugins/grafana-exploretraces-app/module.js
pihole/grafana_data/plugins/grafana-exploretraces-app/module.js.map
pihole/grafana_data/plugins/grafana-exploretraces-app/plugin.json
pihole/grafana_data/plugins/grafana-exploretraces-app/utils/trace-merge/test-responses/service-struct.json
pihole/grafana_data/plugins/grafana-lokiexplore-app/087755a1246f96c42579.svg
pihole/grafana_data/plugins/grafana-lokiexplore-app/0b7992cbbccaaaabfb4e.svg
pihole/grafana_data/plugins/grafana-lokiexplore-app/12.js
pihole/grafana_data/plugins/grafana-lokiexplore-app/12.js.map
pihole/grafana_data/plugins/grafana-lokiexplore-app/156.js
pihole/grafana_data/plugins/grafana-lokiexplore-app/156.js.map
pihole/grafana_data/plugins/grafana-lokiexplore-app/2168a10beed690100fcb.svg
pihole/grafana_data/plugins/grafana-lokiexplore-app/26a78975976a604ba774.svg
pihole/grafana_data/plugins/grafana-lokiexplore-app/2946a9608ee7f2b5f618.svg
pihole/grafana_data/plugins/grafana-lokiexplore-app/300.js
pihole/grafana_data/plugins/grafana-lokiexplore-app/300.js.map
pihole/grafana_data/plugins/grafana-lokiexplore-app/308.js
pihole/grafana_data/plugins/grafana-lokiexplore-app/308.js.LICENSE.txt
pihole/grafana_data/plugins/grafana-lokiexplore-app/308.js.map
pihole/grafana_data/plugins/grafana-lokiexplore-app/3982c6482f693636d827.svg
pihole/grafana_data/plugins/grafana-lokiexplore-app/3cf91cbcfc3c94965931.svg
pihole/grafana_data/plugins/grafana-lokiexplore-app/3d7fda5219d0a128c3a7.svg
pihole/grafana_data/plugins/grafana-lokiexplore-app/45984fdddc778c4b7076.svg
pihole/grafana_data/plugins/grafana-lokiexplore-app/470.js
pihole/grafana_data/plugins/grafana-lokiexplore-app/470.js.LICENSE.txt
pihole/grafana_data/plugins/grafana-lokiexplore-app/470.js.map
pihole/grafana_data/plugins/grafana-lokiexplore-app/51.js
pihole/grafana_data/plugins/grafana-lokiexplore-app/51.js.LICENSE.txt
pihole/grafana_data/plugins/grafana-lokiexplore-app/51.js.map
pihole/grafana_data/plugins/grafana-lokiexplore-app/528.js
pihole/grafana_data/plugins/grafana-lokiexplore-app/528.js.map
pihole/grafana_data/plugins/grafana-lokiexplore-app/546.js
pihole/grafana_data/plugins/grafana-lokiexplore-app/546.js.map
pihole/grafana_data/plugins/grafana-lokiexplore-app/553.js
pihole/grafana_data/plugins/grafana-lokiexplore-app/553.js.map
pihole/grafana_data/plugins/grafana-lokiexplore-app/563.js
pihole/grafana_data/plugins/grafana-lokiexplore-app/563.js.map
pihole/grafana_data/plugins/grafana-lokiexplore-app/564.js
pihole/grafana_data/plugins/grafana-lokiexplore-app/564.js.map
pihole/grafana_data/plugins/grafana-lokiexplore-app/576.js
pihole/grafana_data/plugins/grafana-lokiexplore-app/576.js.map
pihole/grafana_data/plugins/grafana-lokiexplore-app/5ff755573093d28cbf2b.svg
pihole/grafana_data/plugins/grafana-lokiexplore-app/6327ceb22fede245e36b.svg
pihole/grafana_data/plugins/grafana-lokiexplore-app/727.js
pihole/grafana_data/plugins/grafana-lokiexplore-app/727.js.map
pihole/grafana_data/plugins/grafana-lokiexplore-app/755.js
pihole/grafana_data/plugins/grafana-lokiexplore-app/755.js.map
pihole/grafana_data/plugins/grafana-lokiexplore-app/7c69e09a44ae38215563.svg
pihole/grafana_data/plugins/grafana-lokiexplore-app/82.js
pihole/grafana_data/plugins/grafana-lokiexplore-app/82.js.map
pihole/grafana_data/plugins/grafana-lokiexplore-app/824.js
pihole/grafana_data/plugins/grafana-lokiexplore-app/824.js.map
pihole/grafana_data/plugins/grafana-lokiexplore-app/854.js
pihole/grafana_data/plugins/grafana-lokiexplore-app/854.js.map
pihole/grafana_data/plugins/grafana-lokiexplore-app/85b746ba2cec564b9a89.svg
pihole/grafana_data/plugins/grafana-lokiexplore-app/8a289c3c1e2e6710580c.svg
pihole/grafana_data/plugins/grafana-lokiexplore-app/8de041fb65ff0bb36133.svg
pihole/grafana_data/plugins/grafana-lokiexplore-app/909.js
pihole/grafana_data/plugins/grafana-lokiexplore-app/909.js.map
pihole/grafana_data/plugins/grafana-lokiexplore-app/919.js
pihole/grafana_data/plugins/grafana-lokiexplore-app/919.js.map
pihole/grafana_data/plugins/grafana-lokiexplore-app/944.js
pihole/grafana_data/plugins/grafana-lokiexplore-app/944.js.map
pihole/grafana_data/plugins/grafana-lokiexplore-app/955.js
pihole/grafana_data/plugins/grafana-lokiexplore-app/955.js.LICENSE.txt
pihole/grafana_data/plugins/grafana-lokiexplore-app/955.js.map
pihole/grafana_data/plugins/grafana-lokiexplore-app/996.js
pihole/grafana_data/plugins/grafana-lokiexplore-app/996.js.map
pihole/grafana_data/plugins/grafana-lokiexplore-app/CHANGELOG.md
pihole/grafana_data/plugins/grafana-lokiexplore-app/LICENSE
pihole/grafana_data/plugins/grafana-lokiexplore-app/MANIFEST.txt
pihole/grafana_data/plugins/grafana-lokiexplore-app/README.md
pihole/grafana_data/plugins/grafana-lokiexplore-app/a02d697b42ff5ef7323b.svg
pihole/grafana_data/plugins/grafana-lokiexplore-app/b6946652df0df52a6ebf.svg
pihole/grafana_data/plugins/grafana-lokiexplore-app/bd5bafea986ef624f050.svg
pihole/grafana_data/plugins/grafana-lokiexplore-app/da86b141436a1efb9287.svg
pihole/grafana_data/plugins/grafana-lokiexplore-app/f073b5c8d84f62a4ff87.wasm
pihole/grafana_data/plugins/grafana-lokiexplore-app/f0b5af7b8afc5505b70a.svg
pihole/grafana_data/plugins/grafana-lokiexplore-app/f4a80ec106902b21468c.svg
pihole/grafana_data/plugins/grafana-lokiexplore-app/f6f180a5b21afe1799fd.svg
pihole/grafana_data/plugins/grafana-lokiexplore-app/fb7b5bb6ddada83dec84.wasm
pihole/grafana_data/plugins/grafana-lokiexplore-app/fca8b87950e835f73012.svg
pihole/grafana_data/plugins/grafana-lokiexplore-app/img/drilldown-features.png
pihole/grafana_data/plugins/grafana-lokiexplore-app/img/explore-logs-features.jpeg
pihole/grafana_data/plugins/grafana-lokiexplore-app/img/fields.png
pihole/grafana_data/plugins/grafana-lokiexplore-app/img/grot_err.svg
pihole/grafana_data/plugins/grafana-lokiexplore-app/img/grot_err_light.svg
pihole/grafana_data/plugins/grafana-lokiexplore-app/img/grot_loki.svg
pihole/grafana_data/plugins/grafana-lokiexplore-app/img/icons/dark/copy--hover.svg
pihole/grafana_data/plugins/grafana-lokiexplore-app/img/icons/dark/copy.svg
pihole/grafana_data/plugins/grafana-lokiexplore-app/img/icons/dark/eye--hover.svg
pihole/grafana_data/plugins/grafana-lokiexplore-app/img/icons/dark/eye.svg
pihole/grafana_data/plugins/grafana-lokiexplore-app/img/icons/dark/search-minus--hover.svg
pihole/grafana_data/plugins/grafana-lokiexplore-app/img/icons/dark/search-minus.svg
pihole/grafana_data/plugins/grafana-lokiexplore-app/img/icons/dark/search-plus--hover.svg
pihole/grafana_data/plugins/grafana-lokiexplore-app/img/icons/dark/search-plus.svg
pihole/grafana_data/plugins/grafana-lokiexplore-app/img/icons/dark/share-alt--hover.svg
pihole/grafana_data/plugins/grafana-lokiexplore-app/img/icons/dark/share-alt.svg
pihole/grafana_data/plugins/grafana-lokiexplore-app/img/icons/eye--active.svg
pihole/grafana_data/plugins/grafana-lokiexplore-app/img/icons/light/copy--hover.svg
pihole/grafana_data/plugins/grafana-lokiexplore-app/img/icons/light/copy.svg
pihole/grafana_data/plugins/grafana-lokiexplore-app/img/icons/light/eye--hover.svg
pihole/grafana_data/plugins/grafana-lokiexplore-app/img/icons/light/eye.svg
pihole/grafana_data/plugins/grafana-lokiexplore-app/img/icons/light/search-minus--hover.svg
pihole/grafana_data/plugins/grafana-lokiexplore-app/img/icons/light/search-minus.svg
pihole/grafana_data/plugins/grafana-lokiexplore-app/img/icons/light/search-plus--hover.svg
pihole/grafana_data/plugins/grafana-lokiexplore-app/img/icons/light/search-plus.svg
pihole/grafana_data/plugins/grafana-lokiexplore-app/img/icons/light/share-alt--hover.svg
pihole/grafana_data/plugins/grafana-lokiexplore-app/img/icons/light/share-alt.svg
pihole/grafana_data/plugins/grafana-lokiexplore-app/img/icons/search-minus--active.svg
pihole/grafana_data/plugins/grafana-lokiexplore-app/img/icons/search-plus--active.svg
pihole/grafana_data/plugins/grafana-lokiexplore-app/img/logo.svg
pihole/grafana_data/plugins/grafana-lokiexplore-app/img/patterns.png
pihole/grafana_data/plugins/grafana-lokiexplore-app/img/service_logs.jpg
pihole/grafana_data/plugins/grafana-lokiexplore-app/img/table.png
pihole/grafana_data/plugins/grafana-lokiexplore-app/module.js
pihole/grafana_data/plugins/grafana-lokiexplore-app/module.js.map
pihole/grafana_data/plugins/grafana-lokiexplore-app/plugin.json
pihole/grafana_data/plugins/grafana-metricsdrilldown-app/120.js
pihole/grafana_data/plugins/grafana-metricsdrilldown-app/131.js
pihole/grafana_data/plugins/grafana-metricsdrilldown-app/131.js.map
pihole/grafana_data/plugins/grafana-metricsdrilldown-app/16.js
pihole/grafana_data/plugins/grafana-metricsdrilldown-app/16.js.LICENSE.txt
pihole/grafana_data/plugins/grafana-metricsdrilldown-app/16.js.map
pihole/grafana_data/plugins/grafana-metricsdrilldown-app/171.js
pihole/grafana_data/plugins/grafana-metricsdrilldown-app/171.js.map
pihole/grafana_data/plugins/grafana-metricsdrilldown-app/224.js
pihole/grafana_data/plugins/grafana-metricsdrilldown-app/224.js.map
pihole/grafana_data/plugins/grafana-metricsdrilldown-app/259.js
pihole/grafana_data/plugins/grafana-metricsdrilldown-app/261.js
pihole/grafana_data/plugins/grafana-metricsdrilldown-app/266.js
pihole/grafana_data/plugins/grafana-metricsdrilldown-app/27.js
pihole/grafana_data/plugins/grafana-metricsdrilldown-app/273.js
pihole/grafana_data/plugins/grafana-metricsdrilldown-app/319.js
pihole/grafana_data/plugins/grafana-metricsdrilldown-app/319.js.map
pihole/grafana_data/plugins/grafana-metricsdrilldown-app/349.js
pihole/grafana_data/plugins/grafana-metricsdrilldown-app/379.js
pihole/grafana_data/plugins/grafana-metricsdrilldown-app/395.js
pihole/grafana_data/plugins/grafana-metricsdrilldown-app/417.js
pihole/grafana_data/plugins/grafana-metricsdrilldown-app/425.js
pihole/grafana_data/plugins/grafana-metricsdrilldown-app/437.js
pihole/grafana_data/plugins/grafana-metricsdrilldown-app/437.js.map
pihole/grafana_data/plugins/grafana-metricsdrilldown-app/472.js
pihole/grafana_data/plugins/grafana-metricsdrilldown-app/497.js
pihole/grafana_data/plugins/grafana-metricsdrilldown-app/555.js
pihole/grafana_data/plugins/grafana-metricsdrilldown-app/612.js
pihole/grafana_data/plugins/grafana-metricsdrilldown-app/623.js
pihole/grafana_data/plugins/grafana-metricsdrilldown-app/623.js.map
pihole/grafana_data/plugins/grafana-metricsdrilldown-app/624.js
pihole/grafana_data/plugins/grafana-metricsdrilldown-app/686.js
pihole/grafana_data/plugins/grafana-metricsdrilldown-app/686.js.map
pihole/grafana_data/plugins/grafana-metricsdrilldown-app/743.js
pihole/grafana_data/plugins/grafana-metricsdrilldown-app/743.js.map
pihole/grafana_data/plugins/grafana-metricsdrilldown-app/769.js
pihole/grafana_data/plugins/grafana-metricsdrilldown-app/769.js.map
pihole/grafana_data/plugins/grafana-metricsdrilldown-app/826.js
pihole/grafana_data/plugins/grafana-metricsdrilldown-app/83.js
pihole/grafana_data/plugins/grafana-metricsdrilldown-app/83.js.map
pihole/grafana_data/plugins/grafana-metricsdrilldown-app/843.js
pihole/grafana_data/plugins/grafana-metricsdrilldown-app/843.js.map
pihole/grafana_data/plugins/grafana-metricsdrilldown-app/899.js
pihole/grafana_data/plugins/grafana-metricsdrilldown-app/899.js.map
pihole/grafana_data/plugins/grafana-metricsdrilldown-app/944.js
pihole/grafana_data/plugins/grafana-metricsdrilldown-app/944.js.map
pihole/grafana_data/plugins/grafana-metricsdrilldown-app/951.js
pihole/grafana_data/plugins/grafana-metricsdrilldown-app/981.js
pihole/grafana_data/plugins/grafana-metricsdrilldown-app/CHANGELOG.md
pihole/grafana_data/plugins/grafana-metricsdrilldown-app/LICENSE
pihole/grafana_data/plugins/grafana-metricsdrilldown-app/MANIFEST.txt
pihole/grafana_data/plugins/grafana-metricsdrilldown-app/README.md
pihole/grafana_data/plugins/grafana-metricsdrilldown-app/e3073e8a2e7fa54c1753.wasm
pihole/grafana_data/plugins/grafana-metricsdrilldown-app/img/breakdown.png
pihole/grafana_data/plugins/grafana-metricsdrilldown-app/img/logo.svg
pihole/grafana_data/plugins/grafana-metricsdrilldown-app/img/metrics-drilldown.png
pihole/grafana_data/plugins/grafana-metricsdrilldown-app/locales/cs-CZ/grafana-metricsdrilldown-app.json
pihole/grafana_data/plugins/grafana-metricsdrilldown-app/locales/de-DE/grafana-metricsdrilldown-app.json
pihole/grafana_data/plugins/grafana-metricsdrilldown-app/locales/en-US/grafana-metricsdrilldown-app.json
pihole/grafana_data/plugins/grafana-metricsdrilldown-app/locales/es-ES/grafana-metricsdrilldown-app.json
pihole/grafana_data/plugins/grafana-metricsdrilldown-app/locales/fr-FR/grafana-metricsdrilldown-app.json
pihole/grafana_data/plugins/grafana-metricsdrilldown-app/locales/hu-HU/grafana-metricsdrilldown-app.json
pihole/grafana_data/plugins/grafana-metricsdrilldown-app/locales/id-ID/grafana-metricsdrilldown-app.json
pihole/grafana_data/plugins/grafana-metricsdrilldown-app/locales/it-IT/grafana-metricsdrilldown-app.json
pihole/grafana_data/plugins/grafana-metricsdrilldown-app/locales/ja-JP/grafana-metricsdrilldown-app.json
pihole/grafana_data/plugins/grafana-metricsdrilldown-app/locales/ko-KR/grafana-metricsdrilldown-app.json
pihole/grafana_data/plugins/grafana-metricsdrilldown-app/locales/nl-NL/grafana-metricsdrilldown-app.json
pihole/grafana_data/plugins/grafana-metricsdrilldown-app/locales/pl-PL/grafana-metricsdrilldown-app.json
pihole/grafana_data/plugins/grafana-metricsdrilldown-app/locales/pt-BR/grafana-metricsdrilldown-app.json
pihole/grafana_data/plugins/grafana-metricsdrilldown-app/locales/pt-PT/grafana-metricsdrilldown-app.json
pihole/grafana_data/plugins/grafana-metricsdrilldown-app/locales/ru-RU/grafana-metricsdrilldown-app.json
pihole/grafana_data/plugins/grafana-metricsdrilldown-app/locales/sv-SE/grafana-metricsdrilldown-app.json
pihole/grafana_data/plugins/grafana-metricsdrilldown-app/locales/tr-TR/grafana-metricsdrilldown-app.json
pihole/grafana_data/plugins/grafana-metricsdrilldown-app/locales/zh-Hans/grafana-metricsdrilldown-app.json
pihole/grafana_data/plugins/grafana-metricsdrilldown-app/locales/zh-Hant/grafana-metricsdrilldown-app.json
pihole/grafana_data/plugins/grafana-metricsdrilldown-app/module.js
pihole/grafana_data/plugins/grafana-metricsdrilldown-app/module.js.map
pihole/grafana_data/plugins/grafana-metricsdrilldown-app/plugin.json
pihole/grafana_data/plugins/grafana-pyroscope-app/156.js
pihole/grafana_data/plugins/grafana-pyroscope-app/156.js.map
pihole/grafana_data/plugins/grafana-pyroscope-app/580.js
pihole/grafana_data/plugins/grafana-pyroscope-app/580.js.map
pihole/grafana_data/plugins/grafana-pyroscope-app/72.js
pihole/grafana_data/plugins/grafana-pyroscope-app/72.js.map
pihole/grafana_data/plugins/grafana-pyroscope-app/776.js
pihole/grafana_data/plugins/grafana-pyroscope-app/776.js.map
pihole/grafana_data/plugins/grafana-pyroscope-app/814.js
pihole/grafana_data/plugins/grafana-pyroscope-app/814.js.LICENSE.txt
pihole/grafana_data/plugins/grafana-pyroscope-app/814.js.map
pihole/grafana_data/plugins/grafana-pyroscope-app/909.js
pihole/grafana_data/plugins/grafana-pyroscope-app/909.js.LICENSE.txt
pihole/grafana_data/plugins/grafana-pyroscope-app/909.js.map
pihole/grafana_data/plugins/grafana-pyroscope-app/944c737f589d02ecf603.svg
pihole/grafana_data/plugins/grafana-pyroscope-app/CHANGELOG.md
pihole/grafana_data/plugins/grafana-pyroscope-app/LICENSE
pihole/grafana_data/plugins/grafana-pyroscope-app/MANIFEST.txt
pihole/grafana_data/plugins/grafana-pyroscope-app/README.md
pihole/grafana_data/plugins/grafana-pyroscope-app/e79edcfbe2068fae2364.svg
pihole/grafana_data/plugins/grafana-pyroscope-app/img/58f0b0e1cfa063e4b662.png
pihole/grafana_data/plugins/grafana-pyroscope-app/img/61b4cf746a6f58780f27.png
pihole/grafana_data/plugins/grafana-pyroscope-app/img/8cdf4d2e2df8326311ab.gif
pihole/grafana_data/plugins/grafana-pyroscope-app/img/9c9cdd5175734d579007.png
pihole/grafana_data/plugins/grafana-pyroscope-app/img/bafee50693eb02088442.png
pihole/grafana_data/plugins/grafana-pyroscope-app/img/decrease-latency.png
pihole/grafana_data/plugins/grafana-pyroscope-app/img/diff-view-how-to.gif
pihole/grafana_data/plugins/grafana-pyroscope-app/img/hero-image.png
pihole/grafana_data/plugins/grafana-pyroscope-app/img/logo.svg
pihole/grafana_data/plugins/grafana-pyroscope-app/img/reduce-costs.png
pihole/grafana_data/plugins/grafana-pyroscope-app/img/resolve-incidents.png
pihole/grafana_data/plugins/grafana-pyroscope-app/module.js
pihole/grafana_data/plugins/grafana-pyroscope-app/module.js.map
pihole/grafana_data/plugins/grafana-pyroscope-app/pages/ProfilesExplorerView/components/SceneByVariableRepeaterGrid/components/SceneEmptyState/ui/img/grot-404-dark.svg
pihole/grafana_data/plugins/grafana-pyroscope-app/pages/ProfilesExplorerView/components/SceneByVariableRepeaterGrid/components/SceneEmptyState/ui/img/grot-404-light.svg
pihole/grafana_data/plugins/grafana-pyroscope-app/plugin.json
pihole/grafana_data/plugins/grafana-pyroscope-app/shared/infrastructure/profile-metrics/profile-metrics.json
pihole/mi_proyecto_tfg.gz
pihole/nginx/certs/siem.conf
pihole/nginx/certs/siem.crt
pihole/nginx/certs/siem.key
pihole/nginx/siem.conf
pihole/ntopng_data/-1/alerts/alert_store_v11.db
pihole/ntopng_data/-1/rrd/dropped_alerts.rrd
pihole/ntopng_data/-1/rrd/engaged_alerts.rrd
pihole/ntopng_data/-1/rrd/periodic_script/5minute-delayed/ps_duration.rrd
pihole/ntopng_data/-1/rrd/periodic_script/5minute/ps_duration.rrd
pihole/ntopng_data/-1/rrd/periodic_script/5second/ps_duration.rrd
pihole/ntopng_data/-1/rrd/periodic_script/hourly-delayed/ps_duration.rrd
pihole/ntopng_data/-1/rrd/periodic_script/hourly/ps_duration.rrd
pihole/ntopng_data/-1/rrd/periodic_script/minute-delayed/ps_duration.rrd
pihole/ntopng_data/-1/rrd/periodic_script/minute/ps_duration.rrd
pihole/ntopng_data/-1/rrd/periodic_script/second/ps_duration.rrd
pihole/ntopng_data/-1/rrd/periodic_script/second/ps_ts_wrdr.rrd
pihole/ntopng_data/-1/rrd/process/num_alerts.rrd
pihole/ntopng_data/-1/rrd/process/resident_memory.rrd
pihole/ntopng_data/-1/rrd/redis/keys.rrd
pihole/ntopng_data/-1/rrd/redis/memory.rrd
pihole/ntopng_data/-1/rrd/redis/num_del/hits.rrd
pihole/ntopng_data/-1/rrd/redis/num_expire/hits.rrd
pihole/ntopng_data/-1/rrd/redis/num_get/hits.rrd
pihole/ntopng_data/-1/rrd/redis/num_hdel/hits.rrd
pihole/ntopng_data/-1/rrd/redis/num_hget/hits.rrd
pihole/ntopng_data/-1/rrd/redis/num_hgetall/hits.rrd
pihole/ntopng_data/-1/rrd/redis/num_hkeys/hits.rrd
pihole/ntopng_data/-1/rrd/redis/num_hset/hits.rrd
pihole/ntopng_data/-1/rrd/redis/num_keys/hits.rrd
pihole/ntopng_data/-1/rrd/redis/num_llen/hits.rrd
pihole/ntopng_data/-1/rrd/redis/num_lpop_rpop/hits.rrd
pihole/ntopng_data/-1/rrd/redis/num_lpush_rpush/hits.rrd
pihole/ntopng_data/-1/rrd/redis/num_other/hits.rrd
pihole/ntopng_data/-1/rrd/redis/num_reconnections/hits.rrd
pihole/ntopng_data/-1/rrd/redis/num_resolver_get_address/hits.rrd
pihole/ntopng_data/-1/rrd/redis/num_resolver_saved_lookups/hits.rrd
pihole/ntopng_data/-1/rrd/redis/num_resolver_set_address/hits.rrd
pihole/ntopng_data/-1/rrd/redis/num_set/hits.rrd
pihole/ntopng_data/-1/rrd/redis/num_strlen/hits.rrd
pihole/ntopng_data/-1/rrd/redis/num_trim/hits.rrd
pihole/ntopng_data/-1/rrd/redis/num_ttl/hits.rrd
pihole/ntopng_data/-1/rrd/redis/reads_writes_v2.rrd
pihole/ntopng_data/-1/rrd/system/cpu_ld.rrd
pihole/ntopng_data/-1/rrd/system/cpu_states.rrd
pihole/ntopng_data/-1/top_talkers/top_talkers.db
pihole/ntopng_data/.lock
pihole/ntopng_data/0/alerts/alert_store_v11.db
pihole/ntopng_data/0/rrd/192/168/1/130/active_flows.rrd
pihole/ntopng_data/0/rrd/192/168/1/130/bytes.rrd
pihole/ntopng_data/0/rrd/192/168/1/130/engaged_alerts.rrd
pihole/ntopng_data/0/rrd/192/168/1/130/packets.rrd
pihole/ntopng_data/0/rrd/192/168/1/130/score.rrd
pihole/ntopng_data/0/rrd/192/168/1/130/total_alerts.rrd
pihole/ntopng_data/0/rrd/192/168/1/130/total_flows.rrd
pihole/ntopng_data/0/rrd/192/168/1/141/active_flows.rrd
pihole/ntopng_data/0/rrd/192/168/1/141/bytes.rrd
pihole/ntopng_data/0/rrd/192/168/1/141/engaged_alerts.rrd
pihole/ntopng_data/0/rrd/192/168/1/141/packets.rrd
pihole/ntopng_data/0/rrd/192/168/1/141/score.rrd
pihole/ntopng_data/0/rrd/192/168/1/141/total_alerts.rrd
pihole/ntopng_data/0/rrd/192/168/1/141/total_flows.rrd
pihole/ntopng_data/0/rrd/192/168/1/145/active_flows.rrd
pihole/ntopng_data/0/rrd/192/168/1/145/bytes.rrd
pihole/ntopng_data/0/rrd/192/168/1/145/engaged_alerts.rrd
pihole/ntopng_data/0/rrd/192/168/1/145/packets.rrd
pihole/ntopng_data/0/rrd/192/168/1/145/score.rrd
pihole/ntopng_data/0/rrd/192/168/1/145/total_alerts.rrd
pihole/ntopng_data/0/rrd/192/168/1/145/total_flows.rrd
pihole/ntopng_data/0/rrd/192/168/1/147/active_flows.rrd
pihole/ntopng_data/0/rrd/192/168/1/147/bytes.rrd
pihole/ntopng_data/0/rrd/192/168/1/147/engaged_alerts.rrd
pihole/ntopng_data/0/rrd/192/168/1/147/packets.rrd
pihole/ntopng_data/0/rrd/192/168/1/147/score.rrd
pihole/ntopng_data/0/rrd/192/168/1/147/total_alerts.rrd
pihole/ntopng_data/0/rrd/192/168/1/147/total_flows.rrd
pihole/ntopng_data/0/rrd/Cybersec.rrd
pihole/ntopng_data/0/rrd/DHCP.rrd
pihole/ntopng_data/0/rrd/DNS.rrd
pihole/ntopng_data/0/rrd/Github.rrd
pihole/ntopng_data/0/rrd/Google.rrd
pihole/ntopng_data/0/rrd/GoogleServices.rrd
pihole/ntopng_data/0/rrd/HTTP.rrd
pihole/ntopng_data/0/rrd/ICMP.rrd
pihole/ntopng_data/0/rrd/ICMPV6.rrd
pihole/ntopng_data/0/rrd/IGMP.rrd
pihole/ntopng_data/0/rrd/MDNS.rrd
pihole/ntopng_data/0/rrd/NTP.rrd
pihole/ntopng_data/0/rrd/NetBIOS.rrd
pihole/ntopng_data/0/rrd/SMBv1.rrd
pihole/ntopng_data/0/rrd/Spotify.rrd
pihole/ntopng_data/0/rrd/Steam.rrd
pihole/ntopng_data/0/rrd/TLS.rrd
pihole/ntopng_data/0/rrd/Unknown.rrd
pihole/ntopng_data/0/rrd/WebSocket.rrd
pihole/ntopng_data/0/rrd/alerted_flows.rrd
pihole/ntopng_data/0/rrd/bytes.rrd
pihole/ntopng_data/0/rrd/dropped_alerts.rrd
pihole/ntopng_data/0/rrd/engaged_alerts.rrd
pihole/ntopng_data/0/rrd/hosts_anomalies.rrd
pihole/ntopng_data/0/rrd/if_new_flows.rrd
pihole/ntopng_data/0/rrd/l4protos/icmp.rrd
pihole/ntopng_data/0/rrd/l4protos/other_ip.rrd
pihole/ntopng_data/0/rrd/l4protos/tcp.rrd
pihole/ntopng_data/0/rrd/l4protos/udp.rrd
pihole/ntopng_data/0/rrd/local2remote.rrd
pihole/ntopng_data/0/rrd/ntop.rrd
pihole/ntopng_data/0/rrd/num_devices.rrd
pihole/ntopng_data/0/rrd/num_flows.rrd
pihole/ntopng_data/0/rrd/num_hosts.rrd
pihole/ntopng_data/0/rrd/num_http_hosts.rrd
pihole/ntopng_data/0/rrd/num_local_hosts.rrd
pihole/ntopng_data/0/rrd/packets.rrd
pihole/ntopng_data/0/rrd/packets_rxtx.rrd
pihole/ntopng_data/0/rrd/packets_vs_drops.rrd
pihole/ntopng_data/0/rrd/remote2local.rrd
pihole/ntopng_data/0/rrd/score.rrd
pihole/ntopng_data/0/rrd/tcp_flags.rrd
pihole/ntopng_data/0/rrd/tcp_stats.rrd
pihole/ntopng_data/0/rrd/throughput_bps.rrd
pihole/ntopng_data/0/rrd/throughput_pps.rrd
pihole/ntopng_data/0/rrd/traffic_ip.rrd
pihole/ntopng_data/0/rrd/traffic_rxtx.rrd
pihole/ntopng_data/0/subnetstats/192/168/1/0/24/broadcast_bytes.rrd
pihole/ntopng_data/0/subnetstats/192/168/1/0/24/bytes.rrd
pihole/ntopng_data/0/subnetstats/192/168/1/0/24/engaged_alerts.rrd
pihole/ntopng_data/0/subnetstats/192/168/1/0/24/num_ms_rtt.rrd
pihole/ntopng_data/0/subnetstats/192/168/1/0/24/score.rrd
pihole/ntopng_data/0/subnetstats/192/168/1/0/24/tcp_keep_alive.rrd
pihole/ntopng_data/0/subnetstats/192/168/1/0/24/tcp_lost.rrd
pihole/ntopng_data/0/subnetstats/192/168/1/0/24/tcp_out_of_order.rrd
pihole/ntopng_data/0/subnetstats/192/168/1/0/24/tcp_retransmissions.rrd
pihole/ntopng_data/0/subnetstats/fe80/8aa2/9eff/fe69/f7eb/64/broadcast_bytes.rrd
pihole/ntopng_data/0/subnetstats/fe80/8aa2/9eff/fe69/f7eb/64/bytes.rrd
pihole/ntopng_data/0/subnetstats/fe80/8aa2/9eff/fe69/f7eb/64/engaged_alerts.rrd
pihole/ntopng_data/0/subnetstats/fe80/8aa2/9eff/fe69/f7eb/64/num_ms_rtt.rrd
pihole/ntopng_data/0/subnetstats/fe80/8aa2/9eff/fe69/f7eb/64/score.rrd
pihole/ntopng_data/0/subnetstats/fe80/8aa2/9eff/fe69/f7eb/64/tcp_keep_alive.rrd
pihole/ntopng_data/0/subnetstats/fe80/8aa2/9eff/fe69/f7eb/64/tcp_lost.rrd
pihole/ntopng_data/0/subnetstats/fe80/8aa2/9eff/fe69/f7eb/64/tcp_out_of_order.rrd
pihole/ntopng_data/0/subnetstats/fe80/8aa2/9eff/fe69/f7eb/64/tcp_retransmissions.rrd
pihole/ntopng_data/0/top_talkers/top_talkers.db
pihole/prometheus.yml
wireguard_config/.donoteditthisfile
wireguard_config/coredns/Corefile
wireguard_config/peer1/peer1.conf
wireguard_config/peer1/peer1.png
wireguard_config/peer1/presharedkey-peer1
wireguard_config/peer1/privatekey-peer1
wireguard_config/peer1/publickey-peer1
wireguard_config/peer2/peer2.conf
wireguard_config/peer2/peer2.png
wireguard_config/peer2/presharedkey-peer2
wireguard_config/peer2/privatekey-peer2
wireguard_config/peer2/publickey-peer2
wireguard_config/peer3/peer3.conf
wireguard_config/peer3/peer3.png
wireguard_config/peer3/presharedkey-peer3
wireguard_config/peer3/privatekey-peer3
wireguard_config/peer3/publickey-peer3
wireguard_config/server/privatekey-server
wireguard_config/server/publickey-server
wireguard_config/templates/peer.conf
wireguard_config/templates/server.conf
wireguard_config/wg_confs/wg0.conf
